{"C:\\Users\\Davidshare\\Documents\\code dojo\\js\\StackOverflow-lite\\server\\tests\\answers.js":{"path":"C:\\Users\\Davidshare\\Documents\\code dojo\\js\\StackOverflow-lite\\server\\tests\\answers.js","statementMap":{"0":{"start":{"line":3,"column":16},"end":{"line":3,"column":36}},"1":{"start":{"line":5,"column":17},"end":{"line":5,"column":50}},"2":{"start":{"line":7,"column":12},"end":{"line":7,"column":27}},"3":{"start":{"line":9,"column":13},"end":{"line":9,"column":42}},"4":{"start":{"line":11,"column":11},"end":{"line":11,"column":31}},"5":{"start":{"line":13,"column":12},"end":{"line":13,"column":40}},"6":{"start":{"line":15,"column":16},"end":{"line":15,"column":37}},"7":{"start":{"line":17,"column":17},"end":{"line":17,"column":50}},"8":{"start":{"line":19,"column":39},"end":{"line":19,"column":93}},"9":{"start":{"line":21,"column":13},"end":{"line":21,"column":34}},"10":{"start":{"line":23,"column":16},"end":{"line":23,"column":45}},"11":{"start":{"line":24,"column":16},"end":{"line":24,"column":37}},"12":{"start":{"line":26,"column":19},"end":{"line":26,"column":25}},"13":{"start":{"line":27,"column":0},"end":{"line":27,"column":39}},"14":{"start":{"line":29,"column":0},"end":{"line":86,"column":3}},"15":{"start":{"line":30,"column":2},"end":{"line":35,"column":5}},"16":{"start":{"line":31,"column":4},"end":{"line":34,"column":7}},"17":{"start":{"line":32,"column":6},"end":{"line":32,"column":41}},"18":{"start":{"line":33,"column":6},"end":{"line":33,"column":13}},"19":{"start":{"line":37,"column":2},"end":{"line":85,"column":5}},"20":{"start":{"line":38,"column":4},"end":{"line":48,"column":7}},"21":{"start":{"line":39,"column":6},"end":{"line":47,"column":9}},"22":{"start":{"line":43,"column":8},"end":{"line":43,"column":46}},"23":{"start":{"line":44,"column":8},"end":{"line":44,"column":49}},"24":{"start":{"line":45,"column":8},"end":{"line":45,"column":102}},"25":{"start":{"line":46,"column":8},"end":{"line":46,"column":15}},"26":{"start":{"line":50,"column":4},"end":{"line":60,"column":7}},"27":{"start":{"line":51,"column":6},"end":{"line":59,"column":9}},"28":{"start":{"line":55,"column":8},"end":{"line":55,"column":46}},"29":{"start":{"line":56,"column":8},"end":{"line":56,"column":49}},"30":{"start":{"line":57,"column":8},"end":{"line":57,"column":91}},"31":{"start":{"line":58,"column":8},"end":{"line":58,"column":15}},"32":{"start":{"line":62,"column":4},"end":{"line":72,"column":7}},"33":{"start":{"line":63,"column":6},"end":{"line":71,"column":9}},"34":{"start":{"line":67,"column":8},"end":{"line":67,"column":46}},"35":{"start":{"line":68,"column":8},"end":{"line":68,"column":49}},"36":{"start":{"line":69,"column":8},"end":{"line":69,"column":113}},"37":{"start":{"line":70,"column":8},"end":{"line":70,"column":15}},"38":{"start":{"line":74,"column":4},"end":{"line":84,"column":7}},"39":{"start":{"line":75,"column":6},"end":{"line":83,"column":9}},"40":{"start":{"line":79,"column":8},"end":{"line":79,"column":46}},"41":{"start":{"line":80,"column":8},"end":{"line":80,"column":49}},"42":{"start":{"line":81,"column":8},"end":{"line":81,"column":166}},"43":{"start":{"line":82,"column":8},"end":{"line":82,"column":15}}},"fnMap":{"0":{"name":"_interopRequireDefault","decl":{"start":{"line":19,"column":9},"end":{"line":19,"column":31}},"loc":{"start":{"line":19,"column":37},"end":{"line":19,"column":95}},"line":19},"1":{"name":"(anonymous_1)","decl":{"start":{"line":29,"column":31},"end":{"line":29,"column":32}},"loc":{"start":{"line":29,"column":43},"end":{"line":86,"column":1}},"line":29},"2":{"name":"(anonymous_2)","decl":{"start":{"line":30,"column":9},"end":{"line":30,"column":10}},"loc":{"start":{"line":30,"column":25},"end":{"line":35,"column":3}},"line":30},"3":{"name":"(anonymous_3)","decl":{"start":{"line":31,"column":104},"end":{"line":31,"column":105}},"loc":{"start":{"line":31,"column":131},"end":{"line":34,"column":5}},"line":31},"4":{"name":"(anonymous_4)","decl":{"start":{"line":37,"column":47},"end":{"line":37,"column":48}},"loc":{"start":{"line":37,"column":59},"end":{"line":85,"column":3}},"line":37},"5":{"name":"(anonymous_5)","decl":{"start":{"line":38,"column":61},"end":{"line":38,"column":62}},"loc":{"start":{"line":38,"column":77},"end":{"line":48,"column":5}},"line":38},"6":{"name":"(anonymous_6)","decl":{"start":{"line":42,"column":13},"end":{"line":42,"column":14}},"loc":{"start":{"line":42,"column":40},"end":{"line":47,"column":7}},"line":42},"7":{"name":"(anonymous_7)","decl":{"start":{"line":50,"column":55},"end":{"line":50,"column":56}},"loc":{"start":{"line":50,"column":71},"end":{"line":60,"column":5}},"line":50},"8":{"name":"(anonymous_8)","decl":{"start":{"line":54,"column":13},"end":{"line":54,"column":14}},"loc":{"start":{"line":54,"column":40},"end":{"line":59,"column":7}},"line":54},"9":{"name":"(anonymous_9)","decl":{"start":{"line":62,"column":64},"end":{"line":62,"column":65}},"loc":{"start":{"line":62,"column":80},"end":{"line":72,"column":5}},"line":62},"10":{"name":"(anonymous_10)","decl":{"start":{"line":66,"column":13},"end":{"line":66,"column":14}},"loc":{"start":{"line":66,"column":40},"end":{"line":71,"column":7}},"line":66},"11":{"name":"(anonymous_11)","decl":{"start":{"line":74,"column":59},"end":{"line":74,"column":60}},"loc":{"start":{"line":74,"column":75},"end":{"line":84,"column":5}},"line":74},"12":{"name":"(anonymous_12)","decl":{"start":{"line":78,"column":13},"end":{"line":78,"column":14}},"loc":{"start":{"line":78,"column":40},"end":{"line":83,"column":7}},"line":78}},"branchMap":{"0":{"loc":{"start":{"line":19,"column":46},"end":{"line":19,"column":92}},"type":"cond-expr","locations":[{"start":{"line":19,"column":70},"end":{"line":19,"column":73}},{"start":{"line":19,"column":76},"end":{"line":19,"column":92}}],"line":19},"1":{"loc":{"start":{"line":19,"column":46},"end":{"line":19,"column":67}},"type":"binary-expr","locations":[{"start":{"line":19,"column":46},"end":{"line":19,"column":49}},{"start":{"line":19,"column":53},"end":{"line":19,"column":67}}],"line":19}},"s":{"0":1,"1":1,"2":1,"3":1,"4":1,"5":1,"6":1,"7":1,"8":4,"9":1,"10":1,"11":1,"12":1,"13":1,"14":1,"15":1,"16":1,"17":1,"18":1,"19":1,"20":1,"21":1,"22":1,"23":1,"24":1,"25":1,"26":1,"27":1,"28":1,"29":1,"30":1,"31":1,"32":1,"33":1,"34":1,"35":1,"36":1,"37":1,"38":1,"39":1,"40":1,"41":1,"42":1,"43":1},"f":{"0":4,"1":1,"2":1,"3":1,"4":1,"5":1,"6":1,"7":1,"8":1,"9":1,"10":1,"11":1,"12":1},"b":{"0":[2,2],"1":[4,4]},"_coverageSchema":"d34fc3e6b8297bcde183f5492bcb8fcb36775295","hash":"ad9820722eb70d706960f9157a228a35624f272d","contentHash":"c12730ca7040de562f5e05046687071d_12.0.2"},"C:\\Users\\Davidshare\\Documents\\code dojo\\js\\StackOverflow-lite\\app.js":{"path":"C:\\Users\\Davidshare\\Documents\\code dojo\\js\\StackOverflow-lite\\app.js","statementMap":{"0":{"start":{"line":3,"column":0},"end":{"line":5,"column":3}},"1":{"start":{"line":7,"column":15},"end":{"line":7,"column":33}},"2":{"start":{"line":9,"column":16},"end":{"line":9,"column":48}},"3":{"start":{"line":11,"column":18},"end":{"line":11,"column":40}},"4":{"start":{"line":13,"column":19},"end":{"line":13,"column":54}},"5":{"start":{"line":15,"column":13},"end":{"line":15,"column":45}},"6":{"start":{"line":17,"column":14},"end":{"line":17,"column":44}},"7":{"start":{"line":19,"column":39},"end":{"line":19,"column":93}},"8":{"start":{"line":22,"column":10},"end":{"line":22,"column":33}},"9":{"start":{"line":24,"column":11},"end":{"line":24,"column":35}},"10":{"start":{"line":27,"column":0},"end":{"line":27,"column":37}},"11":{"start":{"line":28,"column":0},"end":{"line":30,"column":4}},"12":{"start":{"line":33,"column":0},"end":{"line":33,"column":26}},"13":{"start":{"line":36,"column":0},"end":{"line":41,"column":3}},"14":{"start":{"line":37,"column":2},"end":{"line":40,"column":5}},"15":{"start":{"line":44,"column":0},"end":{"line":48,"column":1}},"16":{"start":{"line":45,"column":2},"end":{"line":47,"column":5}},"17":{"start":{"line":46,"column":4},"end":{"line":46,"column":56}},"18":{"start":{"line":50,"column":0},"end":{"line":50,"column":22}}},"fnMap":{"0":{"name":"_interopRequireDefault","decl":{"start":{"line":19,"column":9},"end":{"line":19,"column":31}},"loc":{"start":{"line":19,"column":37},"end":{"line":19,"column":95}},"line":19},"1":{"name":"(anonymous_1)","decl":{"start":{"line":36,"column":13},"end":{"line":36,"column":14}},"loc":{"start":{"line":36,"column":33},"end":{"line":41,"column":1}},"line":36},"2":{"name":"(anonymous_2)","decl":{"start":{"line":45,"column":19},"end":{"line":45,"column":20}},"loc":{"start":{"line":45,"column":31},"end":{"line":47,"column":3}},"line":45}},"branchMap":{"0":{"loc":{"start":{"line":19,"column":46},"end":{"line":19,"column":92}},"type":"cond-expr","locations":[{"start":{"line":19,"column":70},"end":{"line":19,"column":73}},{"start":{"line":19,"column":76},"end":{"line":19,"column":92}}],"line":19},"1":{"loc":{"start":{"line":19,"column":46},"end":{"line":19,"column":67}},"type":"binary-expr","locations":[{"start":{"line":19,"column":46},"end":{"line":19,"column":49}},{"start":{"line":19,"column":53},"end":{"line":19,"column":67}}],"line":19},"2":{"loc":{"start":{"line":24,"column":11},"end":{"line":24,"column":35}},"type":"binary-expr","locations":[{"start":{"line":24,"column":11},"end":{"line":24,"column":27}},{"start":{"line":24,"column":31},"end":{"line":24,"column":35}}],"line":24},"3":{"loc":{"start":{"line":44,"column":0},"end":{"line":48,"column":1}},"type":"if","locations":[{"start":{"line":44,"column":0},"end":{"line":48,"column":1}},{"start":{"line":44,"column":0},"end":{"line":48,"column":1}}],"line":44}},"s":{"0":1,"1":1,"2":1,"3":1,"4":1,"5":1,"6":1,"7":3,"8":1,"9":1,"10":1,"11":1,"12":1,"13":1,"14":0,"15":1,"16":0,"17":0,"18":1},"f":{"0":3,"1":0,"2":0},"b":{"0":[1,2],"1":[3,3],"2":[1,1],"3":[0,1]},"_coverageSchema":"d34fc3e6b8297bcde183f5492bcb8fcb36775295","hash":"10fd2cc396c027bda6d5ee58200a4a8f6ea45152","contentHash":"f829ddc10a0040d7bf9c0c38cf1d2679_12.0.2"},"C:\\Users\\Davidshare\\Documents\\code dojo\\js\\StackOverflow-lite\\server\\routes\\index.js":{"path":"C:\\Users\\Davidshare\\Documents\\code dojo\\js\\StackOverflow-lite\\server\\routes\\index.js","statementMap":{"0":{"start":{"line":3,"column":0},"end":{"line":5,"column":3}},"1":{"start":{"line":7,"column":27},"end":{"line":7,"column":72}},"2":{"start":{"line":9,"column":28},"end":{"line":9,"column":72}},"3":{"start":{"line":11,"column":25},"end":{"line":11,"column":68}},"4":{"start":{"line":13,"column":26},"end":{"line":13,"column":68}},"5":{"start":{"line":15,"column":25},"end":{"line":15,"column":67}},"6":{"start":{"line":17,"column":26},"end":{"line":17,"column":68}},"7":{"start":{"line":19,"column":23},"end":{"line":19,"column":63}},"8":{"start":{"line":21,"column":24},"end":{"line":21,"column":64}},"9":{"start":{"line":23,"column":24},"end":{"line":23,"column":65}},"10":{"start":{"line":25,"column":25},"end":{"line":25,"column":66}},"11":{"start":{"line":27,"column":23},"end":{"line":27,"column":63}},"12":{"start":{"line":29,"column":24},"end":{"line":29,"column":64}},"13":{"start":{"line":31,"column":23},"end":{"line":31,"column":63}},"14":{"start":{"line":33,"column":24},"end":{"line":33,"column":64}},"15":{"start":{"line":35,"column":23},"end":{"line":35,"column":64}},"16":{"start":{"line":37,"column":24},"end":{"line":37,"column":64}},"17":{"start":{"line":39,"column":39},"end":{"line":39,"column":93}},"18":{"start":{"line":42,"column":13},"end":{"line":70,"column":1}},"19":{"start":{"line":44,"column":2},"end":{"line":50,"column":5}},"20":{"start":{"line":45,"column":4},"end":{"line":49,"column":7}},"21":{"start":{"line":52,"column":2},"end":{"line":52,"column":78}},"22":{"start":{"line":54,"column":2},"end":{"line":54,"column":130}},"23":{"start":{"line":57,"column":2},"end":{"line":57,"column":166}},"24":{"start":{"line":59,"column":2},"end":{"line":59,"column":175}},"25":{"start":{"line":61,"column":2},"end":{"line":61,"column":110}},"26":{"start":{"line":63,"column":2},"end":{"line":63,"column":110}},"27":{"start":{"line":66,"column":2},"end":{"line":66,"column":181}},"28":{"start":{"line":69,"column":2},"end":{"line":69,"column":148}},"29":{"start":{"line":72,"column":0},"end":{"line":72,"column":25}}},"fnMap":{"0":{"name":"_interopRequireDefault","decl":{"start":{"line":39,"column":9},"end":{"line":39,"column":31}},"loc":{"start":{"line":39,"column":37},"end":{"line":39,"column":95}},"line":39},"1":{"name":"routes","decl":{"start":{"line":42,"column":22},"end":{"line":42,"column":28}},"loc":{"start":{"line":42,"column":34},"end":{"line":70,"column":1}},"line":42},"2":{"name":"(anonymous_2)","decl":{"start":{"line":44,"column":15},"end":{"line":44,"column":16}},"loc":{"start":{"line":44,"column":44},"end":{"line":50,"column":3}},"line":44}},"branchMap":{"0":{"loc":{"start":{"line":39,"column":46},"end":{"line":39,"column":92}},"type":"cond-expr","locations":[{"start":{"line":39,"column":70},"end":{"line":39,"column":73}},{"start":{"line":39,"column":76},"end":{"line":39,"column":92}}],"line":39},"1":{"loc":{"start":{"line":39,"column":46},"end":{"line":39,"column":67}},"type":"binary-expr","locations":[{"start":{"line":39,"column":46},"end":{"line":39,"column":49}},{"start":{"line":39,"column":53},"end":{"line":39,"column":67}}],"line":39}},"s":{"0":1,"1":1,"2":1,"3":1,"4":1,"5":1,"6":1,"7":1,"8":1,"9":1,"10":1,"11":1,"12":1,"13":1,"14":1,"15":1,"16":1,"17":8,"18":1,"19":1,"20":0,"21":1,"22":1,"23":1,"24":1,"25":1,"26":1,"27":1,"28":1,"29":1},"f":{"0":8,"1":1,"2":0},"b":{"0":[8,0],"1":[8,8]},"_coverageSchema":"d34fc3e6b8297bcde183f5492bcb8fcb36775295","hash":"b00216fda3e4ea3021bebf1ede332bf95c8af947","contentHash":"19d5c031948662e30f2b20962c439e35_12.0.2"},"C:\\Users\\Davidshare\\Documents\\code dojo\\js\\StackOverflow-lite\\server\\controllers\\questionscontroller.js":{"path":"C:\\Users\\Davidshare\\Documents\\code dojo\\js\\StackOverflow-lite\\server\\controllers\\questionscontroller.js","statementMap":{"0":{"start":{"line":3,"column":0},"end":{"line":5,"column":3}},"1":{"start":{"line":7,"column":19},"end":{"line":7,"column":563}},"2":{"start":{"line":7,"column":76},"end":{"line":7,"column":347}},"3":{"start":{"line":7,"column":134},"end":{"line":7,"column":142}},"4":{"start":{"line":7,"column":144},"end":{"line":7,"column":199}},"5":{"start":{"line":7,"column":200},"end":{"line":7,"column":231}},"6":{"start":{"line":7,"column":232},"end":{"line":7,"column":286}},"7":{"start":{"line":7,"column":259},"end":{"line":7,"column":286}},"8":{"start":{"line":7,"column":287},"end":{"line":7,"column":345}},"9":{"start":{"line":7,"column":350},"end":{"line":7,"column":559}},"10":{"start":{"line":7,"column":407},"end":{"line":7,"column":475}},"11":{"start":{"line":7,"column":423},"end":{"line":7,"column":475}},"12":{"start":{"line":7,"column":476},"end":{"line":7,"column":536}},"13":{"start":{"line":7,"column":493},"end":{"line":7,"column":536}},"14":{"start":{"line":7,"column":537},"end":{"line":7,"column":556}},"15":{"start":{"line":9,"column":12},"end":{"line":9,"column":38}},"16":{"start":{"line":11,"column":13},"end":{"line":11,"column":42}},"17":{"start":{"line":13,"column":39},"end":{"line":13,"column":93}},"18":{"start":{"line":15,"column":50},"end":{"line":15,"column":151}},"19":{"start":{"line":15,"column":92},"end":{"line":15,"column":149}},"20":{"start":{"line":17,"column":13},"end":{"line":17,"column":34}},"21":{"start":{"line":18,"column":0},"end":{"line":18,"column":17}},"22":{"start":{"line":20,"column":25},"end":{"line":147,"column":3}},"23":{"start":{"line":22,"column":4},"end":{"line":22,"column":46}},"24":{"start":{"line":25,"column":2},"end":{"line":144,"column":6}},"25":{"start":{"line":28,"column":26},"end":{"line":28,"column":38}},"26":{"start":{"line":29,"column":18},"end":{"line":29,"column":37}},"27":{"start":{"line":30,"column":24},"end":{"line":30,"column":49}},"28":{"start":{"line":31,"column":19},"end":{"line":31,"column":39}},"29":{"start":{"line":33,"column":18},"end":{"line":36,"column":7}},"30":{"start":{"line":38,"column":6},"end":{"line":58,"column":9}},"31":{"start":{"line":39,"column":8},"end":{"line":45,"column":9}},"32":{"start":{"line":40,"column":10},"end":{"line":44,"column":13}},"33":{"start":{"line":46,"column":8},"end":{"line":51,"column":11}},"34":{"start":{"line":53,"column":8},"end":{"line":57,"column":11}},"35":{"start":{"line":66,"column":18},"end":{"line":66,"column":43}},"36":{"start":{"line":68,"column":6},"end":{"line":88,"column":9}},"37":{"start":{"line":69,"column":8},"end":{"line":75,"column":9}},"38":{"start":{"line":70,"column":10},"end":{"line":74,"column":13}},"39":{"start":{"line":76,"column":8},"end":{"line":81,"column":11}},"40":{"start":{"line":83,"column":8},"end":{"line":87,"column":11}},"41":{"start":{"line":93,"column":15},"end":{"line":93,"column":46}},"42":{"start":{"line":94,"column":18},"end":{"line":94,"column":60}},"43":{"start":{"line":95,"column":6},"end":{"line":115,"column":9}},"44":{"start":{"line":96,"column":8},"end":{"line":102,"column":9}},"45":{"start":{"line":97,"column":10},"end":{"line":101,"column":13}},"46":{"start":{"line":103,"column":8},"end":{"line":108,"column":11}},"47":{"start":{"line":110,"column":8},"end":{"line":114,"column":11}},"48":{"start":{"line":120,"column":15},"end":{"line":120,"column":46}},"49":{"start":{"line":121,"column":18},"end":{"line":121,"column":58}},"50":{"start":{"line":123,"column":6},"end":{"line":142,"column":9}},"51":{"start":{"line":124,"column":8},"end":{"line":130,"column":9}},"52":{"start":{"line":125,"column":10},"end":{"line":129,"column":13}},"53":{"start":{"line":131,"column":8},"end":{"line":135,"column":11}},"54":{"start":{"line":137,"column":8},"end":{"line":141,"column":11}},"55":{"start":{"line":146,"column":2},"end":{"line":146,"column":28}},"56":{"start":{"line":149,"column":0},"end":{"line":149,"column":37}}},"fnMap":{"0":{"name":"(anonymous_0)","decl":{"start":{"line":7,"column":19},"end":{"line":7,"column":20}},"loc":{"start":{"line":7,"column":31},"end":{"line":7,"column":561}},"line":7},"1":{"name":"defineProperties","decl":{"start":{"line":7,"column":42},"end":{"line":7,"column":58}},"loc":{"start":{"line":7,"column":74},"end":{"line":7,"column":349}},"line":7},"2":{"name":"(anonymous_2)","decl":{"start":{"line":7,"column":357},"end":{"line":7,"column":358}},"loc":{"start":{"line":7,"column":405},"end":{"line":7,"column":558}},"line":7},"3":{"name":"_interopRequireDefault","decl":{"start":{"line":13,"column":9},"end":{"line":13,"column":31}},"loc":{"start":{"line":13,"column":37},"end":{"line":13,"column":95}},"line":13},"4":{"name":"_classCallCheck","decl":{"start":{"line":15,"column":9},"end":{"line":15,"column":24}},"loc":{"start":{"line":15,"column":48},"end":{"line":15,"column":153}},"line":15},"5":{"name":"(anonymous_5)","decl":{"start":{"line":20,"column":25},"end":{"line":20,"column":26}},"loc":{"start":{"line":20,"column":37},"end":{"line":147,"column":1}},"line":20},"6":{"name":"QuestionController","decl":{"start":{"line":21,"column":11},"end":{"line":21,"column":29}},"loc":{"start":{"line":21,"column":32},"end":{"line":23,"column":3}},"line":21},"7":{"name":"askQuestion","decl":{"start":{"line":27,"column":20},"end":{"line":27,"column":31}},"loc":{"start":{"line":27,"column":51},"end":{"line":59,"column":5}},"line":27},"8":{"name":"(anonymous_8)","decl":{"start":{"line":38,"column":31},"end":{"line":38,"column":32}},"loc":{"start":{"line":38,"column":51},"end":{"line":52,"column":7}},"line":38},"9":{"name":"(anonymous_9)","decl":{"start":{"line":52,"column":15},"end":{"line":52,"column":16}},"loc":{"start":{"line":52,"column":32},"end":{"line":58,"column":7}},"line":52},"10":{"name":"getAllQuestions","decl":{"start":{"line":65,"column":20},"end":{"line":65,"column":35}},"loc":{"start":{"line":65,"column":55},"end":{"line":89,"column":5}},"line":65},"11":{"name":"(anonymous_11)","decl":{"start":{"line":68,"column":31},"end":{"line":68,"column":32}},"loc":{"start":{"line":68,"column":51},"end":{"line":82,"column":7}},"line":68},"12":{"name":"(anonymous_12)","decl":{"start":{"line":82,"column":15},"end":{"line":82,"column":16}},"loc":{"start":{"line":82,"column":32},"end":{"line":88,"column":7}},"line":82},"13":{"name":"getQuestionById","decl":{"start":{"line":92,"column":20},"end":{"line":92,"column":35}},"loc":{"start":{"line":92,"column":55},"end":{"line":116,"column":5}},"line":92},"14":{"name":"(anonymous_14)","decl":{"start":{"line":95,"column":31},"end":{"line":95,"column":32}},"loc":{"start":{"line":95,"column":51},"end":{"line":109,"column":7}},"line":95},"15":{"name":"(anonymous_15)","decl":{"start":{"line":109,"column":15},"end":{"line":109,"column":16}},"loc":{"start":{"line":109,"column":32},"end":{"line":115,"column":7}},"line":109},"16":{"name":"deleteQuestionById","decl":{"start":{"line":119,"column":20},"end":{"line":119,"column":38}},"loc":{"start":{"line":119,"column":58},"end":{"line":143,"column":5}},"line":119},"17":{"name":"(anonymous_17)","decl":{"start":{"line":123,"column":31},"end":{"line":123,"column":32}},"loc":{"start":{"line":123,"column":51},"end":{"line":136,"column":7}},"line":123},"18":{"name":"(anonymous_18)","decl":{"start":{"line":136,"column":15},"end":{"line":136,"column":16}},"loc":{"start":{"line":136,"column":32},"end":{"line":142,"column":7}},"line":136}},"branchMap":{"0":{"loc":{"start":{"line":7,"column":168},"end":{"line":7,"column":198}},"type":"binary-expr","locations":[{"start":{"line":7,"column":168},"end":{"line":7,"column":189}},{"start":{"line":7,"column":193},"end":{"line":7,"column":198}}],"line":7},"1":{"loc":{"start":{"line":7,"column":232},"end":{"line":7,"column":286}},"type":"if","locations":[{"start":{"line":7,"column":232},"end":{"line":7,"column":286}},{"start":{"line":7,"column":232},"end":{"line":7,"column":286}}],"line":7},"2":{"loc":{"start":{"line":7,"column":407},"end":{"line":7,"column":475}},"type":"if","locations":[{"start":{"line":7,"column":407},"end":{"line":7,"column":475}},{"start":{"line":7,"column":407},"end":{"line":7,"column":475}}],"line":7},"3":{"loc":{"start":{"line":7,"column":476},"end":{"line":7,"column":536}},"type":"if","locations":[{"start":{"line":7,"column":476},"end":{"line":7,"column":536}},{"start":{"line":7,"column":476},"end":{"line":7,"column":536}}],"line":7},"4":{"loc":{"start":{"line":13,"column":46},"end":{"line":13,"column":92}},"type":"cond-expr","locations":[{"start":{"line":13,"column":70},"end":{"line":13,"column":73}},{"start":{"line":13,"column":76},"end":{"line":13,"column":92}}],"line":13},"5":{"loc":{"start":{"line":13,"column":46},"end":{"line":13,"column":67}},"type":"binary-expr","locations":[{"start":{"line":13,"column":46},"end":{"line":13,"column":49}},{"start":{"line":13,"column":53},"end":{"line":13,"column":67}}],"line":13},"6":{"loc":{"start":{"line":15,"column":50},"end":{"line":15,"column":151}},"type":"if","locations":[{"start":{"line":15,"column":50},"end":{"line":15,"column":151}},{"start":{"line":15,"column":50},"end":{"line":15,"column":151}}],"line":15},"7":{"loc":{"start":{"line":39,"column":8},"end":{"line":45,"column":9}},"type":"if","locations":[{"start":{"line":39,"column":8},"end":{"line":45,"column":9}},{"start":{"line":39,"column":8},"end":{"line":45,"column":9}}],"line":39},"8":{"loc":{"start":{"line":69,"column":8},"end":{"line":75,"column":9}},"type":"if","locations":[{"start":{"line":69,"column":8},"end":{"line":75,"column":9}},{"start":{"line":69,"column":8},"end":{"line":75,"column":9}}],"line":69},"9":{"loc":{"start":{"line":96,"column":8},"end":{"line":102,"column":9}},"type":"if","locations":[{"start":{"line":96,"column":8},"end":{"line":102,"column":9}},{"start":{"line":96,"column":8},"end":{"line":102,"column":9}}],"line":96},"10":{"loc":{"start":{"line":124,"column":8},"end":{"line":130,"column":9}},"type":"if","locations":[{"start":{"line":124,"column":8},"end":{"line":130,"column":9}},{"start":{"line":124,"column":8},"end":{"line":130,"column":9}}],"line":124}},"s":{"0":1,"1":1,"2":1,"3":4,"4":4,"5":4,"6":4,"7":4,"8":4,"9":1,"10":1,"11":0,"12":1,"13":1,"14":1,"15":1,"16":1,"17":1,"18":0,"19":0,"20":1,"21":1,"22":1,"23":0,"24":1,"25":0,"26":0,"27":0,"28":0,"29":0,"30":0,"31":0,"32":0,"33":0,"34":0,"35":1,"36":1,"37":1,"38":1,"39":0,"40":0,"41":1,"42":1,"43":1,"44":1,"45":1,"46":0,"47":0,"48":0,"49":0,"50":0,"51":0,"52":0,"53":0,"54":0,"55":1,"56":1},"f":{"0":1,"1":1,"2":1,"3":1,"4":0,"5":1,"6":0,"7":0,"8":0,"9":0,"10":1,"11":1,"12":0,"13":1,"14":1,"15":0,"16":0,"17":0,"18":0},"b":{"0":[4,4],"1":[4,0],"2":[0,1],"3":[1,0],"4":[1,0],"5":[1,1],"6":[0,0],"7":[0,0],"8":[1,0],"9":[1,0],"10":[0,0]},"_coverageSchema":"d34fc3e6b8297bcde183f5492bcb8fcb36775295","hash":"7b7e0ac0837e77543ab31ee98fbec836ad1aead1","contentHash":"7fe822d18939e8fc5c652afcb8edb750_12.0.2"},"C:\\Users\\Davidshare\\Documents\\code dojo\\js\\StackOverflow-lite\\server\\helpers\\conn.js":{"path":"C:\\Users\\Davidshare\\Documents\\code dojo\\js\\StackOverflow-lite\\server\\helpers\\conn.js","statementMap":{"0":{"start":{"line":3,"column":0},"end":{"line":5,"column":3}},"1":{"start":{"line":7,"column":14},"end":{"line":7,"column":31}},"2":{"start":{"line":9,"column":15},"end":{"line":9,"column":46}},"3":{"start":{"line":11,"column":10},"end":{"line":11,"column":23}},"4":{"start":{"line":13,"column":14},"end":{"line":13,"column":41}},"5":{"start":{"line":15,"column":15},"end":{"line":15,"column":46}},"6":{"start":{"line":17,"column":39},"end":{"line":17,"column":93}},"7":{"start":{"line":19,"column":0},"end":{"line":19,"column":26}},"8":{"start":{"line":20,"column":17},"end":{"line":31,"column":1}},"9":{"start":{"line":21,"column":15},"end":{"line":21,"column":21}},"10":{"start":{"line":22,"column":2},"end":{"line":28,"column":3}},"11":{"start":{"line":23,"column":4},"end":{"line":23,"column":42}},"12":{"start":{"line":24,"column":9},"end":{"line":28,"column":3}},"13":{"start":{"line":25,"column":4},"end":{"line":25,"column":35}},"14":{"start":{"line":27,"column":4},"end":{"line":27,"column":32}},"15":{"start":{"line":29,"column":15},"end":{"line":29,"column":37}},"16":{"start":{"line":30,"column":2},"end":{"line":30,"column":16}},"17":{"start":{"line":33,"column":0},"end":{"line":33,"column":29}}},"fnMap":{"0":{"name":"_interopRequireDefault","decl":{"start":{"line":17,"column":9},"end":{"line":17,"column":31}},"loc":{"start":{"line":17,"column":37},"end":{"line":17,"column":95}},"line":17},"1":{"name":"connection","decl":{"start":{"line":20,"column":26},"end":{"line":20,"column":36}},"loc":{"start":{"line":20,"column":39},"end":{"line":31,"column":1}},"line":20}},"branchMap":{"0":{"loc":{"start":{"line":17,"column":46},"end":{"line":17,"column":92}},"type":"cond-expr","locations":[{"start":{"line":17,"column":70},"end":{"line":17,"column":73}},{"start":{"line":17,"column":76},"end":{"line":17,"column":92}}],"line":17},"1":{"loc":{"start":{"line":17,"column":46},"end":{"line":17,"column":67}},"type":"binary-expr","locations":[{"start":{"line":17,"column":46},"end":{"line":17,"column":49}},{"start":{"line":17,"column":53},"end":{"line":17,"column":67}}],"line":17},"2":{"loc":{"start":{"line":22,"column":2},"end":{"line":28,"column":3}},"type":"if","locations":[{"start":{"line":22,"column":2},"end":{"line":28,"column":3}},{"start":{"line":22,"column":2},"end":{"line":28,"column":3}}],"line":22},"3":{"loc":{"start":{"line":24,"column":9},"end":{"line":28,"column":3}},"type":"if","locations":[{"start":{"line":24,"column":9},"end":{"line":28,"column":3}},{"start":{"line":24,"column":9},"end":{"line":28,"column":3}}],"line":24}},"s":{"0":1,"1":1,"2":1,"3":1,"4":1,"5":1,"6":2,"7":1,"8":1,"9":4,"10":4,"11":0,"12":4,"13":0,"14":4,"15":4,"16":4,"17":1},"f":{"0":2,"1":4},"b":{"0":[1,1],"1":[2,2],"2":[0,4],"3":[0,4]},"_coverageSchema":"d34fc3e6b8297bcde183f5492bcb8fcb36775295","hash":"03f11ebce3722fd88355726d2adfe6b29aa0d2f8","contentHash":"dbb6e489463f0e2e18fe91f476e5bc85_12.0.2"},"C:\\Users\\Davidshare\\Documents\\code dojo\\js\\StackOverflow-lite\\server\\config\\config.js":{"path":"C:\\Users\\Davidshare\\Documents\\code dojo\\js\\StackOverflow-lite\\server\\config\\config.js","statementMap":{"0":{"start":{"line":3,"column":0},"end":{"line":5,"column":3}},"1":{"start":{"line":7,"column":14},"end":{"line":7,"column":31}},"2":{"start":{"line":9,"column":15},"end":{"line":9,"column":46}},"3":{"start":{"line":11,"column":39},"end":{"line":11,"column":93}},"4":{"start":{"line":13,"column":0},"end":{"line":13,"column":26}},"5":{"start":{"line":15,"column":0},"end":{"line":37,"column":2}}},"fnMap":{"0":{"name":"_interopRequireDefault","decl":{"start":{"line":11,"column":9},"end":{"line":11,"column":31}},"loc":{"start":{"line":11,"column":37},"end":{"line":11,"column":95}},"line":11}},"branchMap":{"0":{"loc":{"start":{"line":11,"column":46},"end":{"line":11,"column":92}},"type":"cond-expr","locations":[{"start":{"line":11,"column":70},"end":{"line":11,"column":73}},{"start":{"line":11,"column":76},"end":{"line":11,"column":92}}],"line":11},"1":{"loc":{"start":{"line":11,"column":46},"end":{"line":11,"column":67}},"type":"binary-expr","locations":[{"start":{"line":11,"column":46},"end":{"line":11,"column":49}},{"start":{"line":11,"column":53},"end":{"line":11,"column":67}}],"line":11}},"s":{"0":1,"1":1,"2":1,"3":1,"4":1,"5":1},"f":{"0":1},"b":{"0":[0,1],"1":[1,1]},"_coverageSchema":"d34fc3e6b8297bcde183f5492bcb8fcb36775295","hash":"3ccd2ccb72cef62799f60b86e608d3b2b3cb68ab","contentHash":"13ba5c701f85f9507c5883f1a950a892_12.0.2"},"C:\\Users\\Davidshare\\Documents\\code dojo\\js\\StackOverflow-lite\\server\\controllers\\answerscontroller.js":{"path":"C:\\Users\\Davidshare\\Documents\\code dojo\\js\\StackOverflow-lite\\server\\controllers\\answerscontroller.js","statementMap":{"0":{"start":{"line":3,"column":0},"end":{"line":5,"column":3}},"1":{"start":{"line":7,"column":19},"end":{"line":7,"column":563}},"2":{"start":{"line":7,"column":76},"end":{"line":7,"column":347}},"3":{"start":{"line":7,"column":134},"end":{"line":7,"column":142}},"4":{"start":{"line":7,"column":144},"end":{"line":7,"column":199}},"5":{"start":{"line":7,"column":200},"end":{"line":7,"column":231}},"6":{"start":{"line":7,"column":232},"end":{"line":7,"column":286}},"7":{"start":{"line":7,"column":259},"end":{"line":7,"column":286}},"8":{"start":{"line":7,"column":287},"end":{"line":7,"column":345}},"9":{"start":{"line":7,"column":350},"end":{"line":7,"column":559}},"10":{"start":{"line":7,"column":407},"end":{"line":7,"column":475}},"11":{"start":{"line":7,"column":423},"end":{"line":7,"column":475}},"12":{"start":{"line":7,"column":476},"end":{"line":7,"column":536}},"13":{"start":{"line":7,"column":493},"end":{"line":7,"column":536}},"14":{"start":{"line":7,"column":537},"end":{"line":7,"column":556}},"15":{"start":{"line":9,"column":12},"end":{"line":9,"column":38}},"16":{"start":{"line":11,"column":13},"end":{"line":11,"column":42}},"17":{"start":{"line":13,"column":39},"end":{"line":13,"column":93}},"18":{"start":{"line":15,"column":50},"end":{"line":15,"column":151}},"19":{"start":{"line":15,"column":92},"end":{"line":15,"column":149}},"20":{"start":{"line":17,"column":13},"end":{"line":17,"column":34}},"21":{"start":{"line":18,"column":0},"end":{"line":18,"column":17}},"22":{"start":{"line":20,"column":23},"end":{"line":99,"column":3}},"23":{"start":{"line":22,"column":4},"end":{"line":22,"column":44}},"24":{"start":{"line":25,"column":2},"end":{"line":96,"column":6}},"25":{"start":{"line":28,"column":23},"end":{"line":28,"column":54}},"26":{"start":{"line":29,"column":19},"end":{"line":29,"column":38}},"27":{"start":{"line":31,"column":18},"end":{"line":34,"column":7}},"28":{"start":{"line":35,"column":6},"end":{"line":55,"column":9}},"29":{"start":{"line":36,"column":8},"end":{"line":42,"column":9}},"30":{"start":{"line":37,"column":10},"end":{"line":41,"column":13}},"31":{"start":{"line":43,"column":8},"end":{"line":48,"column":11}},"32":{"start":{"line":50,"column":8},"end":{"line":54,"column":11}},"33":{"start":{"line":60,"column":28},"end":{"line":60,"column":42}},"34":{"start":{"line":61,"column":23},"end":{"line":61,"column":49}},"35":{"start":{"line":62,"column":21},"end":{"line":62,"column":45}},"36":{"start":{"line":64,"column":22},"end":{"line":64,"column":34}},"37":{"start":{"line":65,"column":6},"end":{"line":94,"column":7}},"38":{"start":{"line":66,"column":20},"end":{"line":66,"column":93}},"39":{"start":{"line":67,"column":8},"end":{"line":87,"column":11}},"40":{"start":{"line":68,"column":10},"end":{"line":74,"column":11}},"41":{"start":{"line":69,"column":12},"end":{"line":73,"column":15}},"42":{"start":{"line":75,"column":10},"end":{"line":80,"column":13}},"43":{"start":{"line":82,"column":10},"end":{"line":86,"column":13}},"44":{"start":{"line":89,"column":8},"end":{"line":93,"column":11}},"45":{"start":{"line":98,"column":2},"end":{"line":98,"column":26}},"46":{"start":{"line":101,"column":0},"end":{"line":101,"column":35}}},"fnMap":{"0":{"name":"(anonymous_0)","decl":{"start":{"line":7,"column":19},"end":{"line":7,"column":20}},"loc":{"start":{"line":7,"column":31},"end":{"line":7,"column":561}},"line":7},"1":{"name":"defineProperties","decl":{"start":{"line":7,"column":42},"end":{"line":7,"column":58}},"loc":{"start":{"line":7,"column":74},"end":{"line":7,"column":349}},"line":7},"2":{"name":"(anonymous_2)","decl":{"start":{"line":7,"column":357},"end":{"line":7,"column":358}},"loc":{"start":{"line":7,"column":405},"end":{"line":7,"column":558}},"line":7},"3":{"name":"_interopRequireDefault","decl":{"start":{"line":13,"column":9},"end":{"line":13,"column":31}},"loc":{"start":{"line":13,"column":37},"end":{"line":13,"column":95}},"line":13},"4":{"name":"_classCallCheck","decl":{"start":{"line":15,"column":9},"end":{"line":15,"column":24}},"loc":{"start":{"line":15,"column":48},"end":{"line":15,"column":153}},"line":15},"5":{"name":"(anonymous_5)","decl":{"start":{"line":20,"column":23},"end":{"line":20,"column":24}},"loc":{"start":{"line":20,"column":35},"end":{"line":99,"column":1}},"line":20},"6":{"name":"AnswerController","decl":{"start":{"line":21,"column":11},"end":{"line":21,"column":27}},"loc":{"start":{"line":21,"column":30},"end":{"line":23,"column":3}},"line":21},"7":{"name":"answerQuestion","decl":{"start":{"line":27,"column":20},"end":{"line":27,"column":34}},"loc":{"start":{"line":27,"column":54},"end":{"line":56,"column":5}},"line":27},"8":{"name":"(anonymous_8)","decl":{"start":{"line":35,"column":31},"end":{"line":35,"column":32}},"loc":{"start":{"line":35,"column":51},"end":{"line":49,"column":7}},"line":35},"9":{"name":"(anonymous_9)","decl":{"start":{"line":49,"column":15},"end":{"line":49,"column":16}},"loc":{"start":{"line":49,"column":32},"end":{"line":55,"column":7}},"line":49},"10":{"name":"selectAnswer","decl":{"start":{"line":59,"column":20},"end":{"line":59,"column":32}},"loc":{"start":{"line":59,"column":52},"end":{"line":95,"column":5}},"line":59},"11":{"name":"(anonymous_11)","decl":{"start":{"line":67,"column":33},"end":{"line":67,"column":34}},"loc":{"start":{"line":67,"column":53},"end":{"line":81,"column":9}},"line":67},"12":{"name":"(anonymous_12)","decl":{"start":{"line":81,"column":17},"end":{"line":81,"column":18}},"loc":{"start":{"line":81,"column":34},"end":{"line":87,"column":9}},"line":81}},"branchMap":{"0":{"loc":{"start":{"line":7,"column":168},"end":{"line":7,"column":198}},"type":"binary-expr","locations":[{"start":{"line":7,"column":168},"end":{"line":7,"column":189}},{"start":{"line":7,"column":193},"end":{"line":7,"column":198}}],"line":7},"1":{"loc":{"start":{"line":7,"column":232},"end":{"line":7,"column":286}},"type":"if","locations":[{"start":{"line":7,"column":232},"end":{"line":7,"column":286}},{"start":{"line":7,"column":232},"end":{"line":7,"column":286}}],"line":7},"2":{"loc":{"start":{"line":7,"column":407},"end":{"line":7,"column":475}},"type":"if","locations":[{"start":{"line":7,"column":407},"end":{"line":7,"column":475}},{"start":{"line":7,"column":407},"end":{"line":7,"column":475}}],"line":7},"3":{"loc":{"start":{"line":7,"column":476},"end":{"line":7,"column":536}},"type":"if","locations":[{"start":{"line":7,"column":476},"end":{"line":7,"column":536}},{"start":{"line":7,"column":476},"end":{"line":7,"column":536}}],"line":7},"4":{"loc":{"start":{"line":13,"column":46},"end":{"line":13,"column":92}},"type":"cond-expr","locations":[{"start":{"line":13,"column":70},"end":{"line":13,"column":73}},{"start":{"line":13,"column":76},"end":{"line":13,"column":92}}],"line":13},"5":{"loc":{"start":{"line":13,"column":46},"end":{"line":13,"column":67}},"type":"binary-expr","locations":[{"start":{"line":13,"column":46},"end":{"line":13,"column":49}},{"start":{"line":13,"column":53},"end":{"line":13,"column":67}}],"line":13},"6":{"loc":{"start":{"line":15,"column":50},"end":{"line":15,"column":151}},"type":"if","locations":[{"start":{"line":15,"column":50},"end":{"line":15,"column":151}},{"start":{"line":15,"column":50},"end":{"line":15,"column":151}}],"line":15},"7":{"loc":{"start":{"line":36,"column":8},"end":{"line":42,"column":9}},"type":"if","locations":[{"start":{"line":36,"column":8},"end":{"line":42,"column":9}},{"start":{"line":36,"column":8},"end":{"line":42,"column":9}}],"line":36},"8":{"loc":{"start":{"line":65,"column":6},"end":{"line":94,"column":7}},"type":"if","locations":[{"start":{"line":65,"column":6},"end":{"line":94,"column":7}},{"start":{"line":65,"column":6},"end":{"line":94,"column":7}}],"line":65},"9":{"loc":{"start":{"line":65,"column":10},"end":{"line":65,"column":92}},"type":"binary-expr","locations":[{"start":{"line":65,"column":10},"end":{"line":65,"column":50}},{"start":{"line":65,"column":54},"end":{"line":65,"column":92}}],"line":65},"10":{"loc":{"start":{"line":68,"column":10},"end":{"line":74,"column":11}},"type":"if","locations":[{"start":{"line":68,"column":10},"end":{"line":74,"column":11}},{"start":{"line":68,"column":10},"end":{"line":74,"column":11}}],"line":68}},"s":{"0":1,"1":1,"2":1,"3":2,"4":2,"5":2,"6":2,"7":2,"8":2,"9":1,"10":1,"11":0,"12":1,"13":1,"14":1,"15":1,"16":1,"17":1,"18":0,"19":0,"20":1,"21":1,"22":1,"23":0,"24":1,"25":0,"26":0,"27":0,"28":0,"29":0,"30":0,"31":0,"32":0,"33":0,"34":0,"35":0,"36":0,"37":0,"38":0,"39":0,"40":0,"41":0,"42":0,"43":0,"44":0,"45":1,"46":1},"f":{"0":1,"1":1,"2":1,"3":1,"4":0,"5":1,"6":0,"7":0,"8":0,"9":0,"10":0,"11":0,"12":0},"b":{"0":[2,2],"1":[2,0],"2":[0,1],"3":[1,0],"4":[1,0],"5":[1,1],"6":[0,0],"7":[0,0],"8":[0,0],"9":[0,0],"10":[0,0]},"_coverageSchema":"d34fc3e6b8297bcde183f5492bcb8fcb36775295","hash":"2ff8c78dbf97258bb8c58a80961c2b0efe2d02e7","contentHash":"142174aa033950a407afb5f9f904e8c6_12.0.2"},"C:\\Users\\Davidshare\\Documents\\code dojo\\js\\StackOverflow-lite\\server\\middleware\\questionValidator.js":{"path":"C:\\Users\\Davidshare\\Documents\\code dojo\\js\\StackOverflow-lite\\server\\middleware\\questionValidator.js","statementMap":{"0":{"start":{"line":3,"column":0},"end":{"line":5,"column":3}},"1":{"start":{"line":7,"column":19},"end":{"line":7,"column":563}},"2":{"start":{"line":7,"column":76},"end":{"line":7,"column":347}},"3":{"start":{"line":7,"column":134},"end":{"line":7,"column":142}},"4":{"start":{"line":7,"column":144},"end":{"line":7,"column":199}},"5":{"start":{"line":7,"column":200},"end":{"line":7,"column":231}},"6":{"start":{"line":7,"column":232},"end":{"line":7,"column":286}},"7":{"start":{"line":7,"column":259},"end":{"line":7,"column":286}},"8":{"start":{"line":7,"column":287},"end":{"line":7,"column":345}},"9":{"start":{"line":7,"column":350},"end":{"line":7,"column":559}},"10":{"start":{"line":7,"column":407},"end":{"line":7,"column":475}},"11":{"start":{"line":7,"column":423},"end":{"line":7,"column":475}},"12":{"start":{"line":7,"column":476},"end":{"line":7,"column":536}},"13":{"start":{"line":7,"column":493},"end":{"line":7,"column":536}},"14":{"start":{"line":7,"column":537},"end":{"line":7,"column":556}},"15":{"start":{"line":9,"column":50},"end":{"line":9,"column":151}},"16":{"start":{"line":9,"column":92},"end":{"line":9,"column":149}},"17":{"start":{"line":14,"column":24},"end":{"line":120,"column":3}},"18":{"start":{"line":16,"column":4},"end":{"line":16,"column":45}},"19":{"start":{"line":19,"column":2},"end":{"line":117,"column":6}},"20":{"start":{"line":32,"column":26},"end":{"line":32,"column":38}},"21":{"start":{"line":33,"column":18},"end":{"line":33,"column":37}},"22":{"start":{"line":34,"column":24},"end":{"line":34,"column":49}},"23":{"start":{"line":35,"column":19},"end":{"line":35,"column":39}},"24":{"start":{"line":38,"column":19},"end":{"line":38,"column":21}},"25":{"start":{"line":39,"column":18},"end":{"line":46,"column":7}},"26":{"start":{"line":48,"column":6},"end":{"line":50,"column":7}},"27":{"start":{"line":49,"column":8},"end":{"line":49,"column":58}},"28":{"start":{"line":51,"column":6},"end":{"line":53,"column":7}},"29":{"start":{"line":52,"column":8},"end":{"line":52,"column":69}},"30":{"start":{"line":55,"column":6},"end":{"line":57,"column":7}},"31":{"start":{"line":56,"column":8},"end":{"line":56,"column":83}},"32":{"start":{"line":59,"column":6},"end":{"line":61,"column":7}},"33":{"start":{"line":60,"column":8},"end":{"line":60,"column":83}},"34":{"start":{"line":63,"column":6},"end":{"line":65,"column":7}},"35":{"start":{"line":64,"column":8},"end":{"line":64,"column":70}},"36":{"start":{"line":67,"column":6},"end":{"line":69,"column":7}},"37":{"start":{"line":68,"column":8},"end":{"line":68,"column":145}},"38":{"start":{"line":71,"column":6},"end":{"line":73,"column":7}},"39":{"start":{"line":72,"column":8},"end":{"line":72,"column":113}},"40":{"start":{"line":75,"column":6},"end":{"line":81,"column":7}},"41":{"start":{"line":76,"column":8},"end":{"line":80,"column":11}},"42":{"start":{"line":82,"column":6},"end":{"line":82,"column":20}},"43":{"start":{"line":98,"column":15},"end":{"line":98,"column":32}},"44":{"start":{"line":100,"column":6},"end":{"line":106,"column":7}},"45":{"start":{"line":101,"column":8},"end":{"line":105,"column":11}},"46":{"start":{"line":107,"column":22},"end":{"line":107,"column":34}},"47":{"start":{"line":108,"column":6},"end":{"line":114,"column":7}},"48":{"start":{"line":109,"column":8},"end":{"line":113,"column":11}},"49":{"start":{"line":115,"column":6},"end":{"line":115,"column":20}},"50":{"start":{"line":119,"column":2},"end":{"line":119,"column":27}},"51":{"start":{"line":122,"column":0},"end":{"line":122,"column":36}}},"fnMap":{"0":{"name":"(anonymous_0)","decl":{"start":{"line":7,"column":19},"end":{"line":7,"column":20}},"loc":{"start":{"line":7,"column":31},"end":{"line":7,"column":561}},"line":7},"1":{"name":"defineProperties","decl":{"start":{"line":7,"column":42},"end":{"line":7,"column":58}},"loc":{"start":{"line":7,"column":74},"end":{"line":7,"column":349}},"line":7},"2":{"name":"(anonymous_2)","decl":{"start":{"line":7,"column":357},"end":{"line":7,"column":358}},"loc":{"start":{"line":7,"column":405},"end":{"line":7,"column":558}},"line":7},"3":{"name":"_classCallCheck","decl":{"start":{"line":9,"column":9},"end":{"line":9,"column":24}},"loc":{"start":{"line":9,"column":48},"end":{"line":9,"column":153}},"line":9},"4":{"name":"(anonymous_4)","decl":{"start":{"line":14,"column":24},"end":{"line":14,"column":25}},"loc":{"start":{"line":14,"column":36},"end":{"line":120,"column":1}},"line":14},"5":{"name":"QuestionValidator","decl":{"start":{"line":15,"column":11},"end":{"line":15,"column":28}},"loc":{"start":{"line":15,"column":31},"end":{"line":17,"column":3}},"line":15},"6":{"name":"validateQuestion","decl":{"start":{"line":31,"column":20},"end":{"line":31,"column":36}},"loc":{"start":{"line":31,"column":62},"end":{"line":83,"column":5}},"line":31},"7":{"name":"validateQuestionId","decl":{"start":{"line":97,"column":20},"end":{"line":97,"column":38}},"loc":{"start":{"line":97,"column":64},"end":{"line":116,"column":5}},"line":97}},"branchMap":{"0":{"loc":{"start":{"line":7,"column":168},"end":{"line":7,"column":198}},"type":"binary-expr","locations":[{"start":{"line":7,"column":168},"end":{"line":7,"column":189}},{"start":{"line":7,"column":193},"end":{"line":7,"column":198}}],"line":7},"1":{"loc":{"start":{"line":7,"column":232},"end":{"line":7,"column":286}},"type":"if","locations":[{"start":{"line":7,"column":232},"end":{"line":7,"column":286}},{"start":{"line":7,"column":232},"end":{"line":7,"column":286}}],"line":7},"2":{"loc":{"start":{"line":7,"column":407},"end":{"line":7,"column":475}},"type":"if","locations":[{"start":{"line":7,"column":407},"end":{"line":7,"column":475}},{"start":{"line":7,"column":407},"end":{"line":7,"column":475}}],"line":7},"3":{"loc":{"start":{"line":7,"column":476},"end":{"line":7,"column":536}},"type":"if","locations":[{"start":{"line":7,"column":476},"end":{"line":7,"column":536}},{"start":{"line":7,"column":476},"end":{"line":7,"column":536}}],"line":7},"4":{"loc":{"start":{"line":9,"column":50},"end":{"line":9,"column":151}},"type":"if","locations":[{"start":{"line":9,"column":50},"end":{"line":9,"column":151}},{"start":{"line":9,"column":50},"end":{"line":9,"column":151}}],"line":9},"5":{"loc":{"start":{"line":48,"column":6},"end":{"line":50,"column":7}},"type":"if","locations":[{"start":{"line":48,"column":6},"end":{"line":50,"column":7}},{"start":{"line":48,"column":6},"end":{"line":50,"column":7}}],"line":48},"6":{"loc":{"start":{"line":51,"column":6},"end":{"line":53,"column":7}},"type":"if","locations":[{"start":{"line":51,"column":6},"end":{"line":53,"column":7}},{"start":{"line":51,"column":6},"end":{"line":53,"column":7}}],"line":51},"7":{"loc":{"start":{"line":55,"column":6},"end":{"line":57,"column":7}},"type":"if","locations":[{"start":{"line":55,"column":6},"end":{"line":57,"column":7}},{"start":{"line":55,"column":6},"end":{"line":57,"column":7}}],"line":55},"8":{"loc":{"start":{"line":59,"column":6},"end":{"line":61,"column":7}},"type":"if","locations":[{"start":{"line":59,"column":6},"end":{"line":61,"column":7}},{"start":{"line":59,"column":6},"end":{"line":61,"column":7}}],"line":59},"9":{"loc":{"start":{"line":63,"column":6},"end":{"line":65,"column":7}},"type":"if","locations":[{"start":{"line":63,"column":6},"end":{"line":65,"column":7}},{"start":{"line":63,"column":6},"end":{"line":65,"column":7}}],"line":63},"10":{"loc":{"start":{"line":67,"column":6},"end":{"line":69,"column":7}},"type":"if","locations":[{"start":{"line":67,"column":6},"end":{"line":69,"column":7}},{"start":{"line":67,"column":6},"end":{"line":69,"column":7}}],"line":67},"11":{"loc":{"start":{"line":71,"column":6},"end":{"line":73,"column":7}},"type":"if","locations":[{"start":{"line":71,"column":6},"end":{"line":73,"column":7}},{"start":{"line":71,"column":6},"end":{"line":73,"column":7}}],"line":71},"12":{"loc":{"start":{"line":75,"column":6},"end":{"line":81,"column":7}},"type":"if","locations":[{"start":{"line":75,"column":6},"end":{"line":81,"column":7}},{"start":{"line":75,"column":6},"end":{"line":81,"column":7}}],"line":75},"13":{"loc":{"start":{"line":100,"column":6},"end":{"line":106,"column":7}},"type":"if","locations":[{"start":{"line":100,"column":6},"end":{"line":106,"column":7}},{"start":{"line":100,"column":6},"end":{"line":106,"column":7}}],"line":100},"14":{"loc":{"start":{"line":108,"column":6},"end":{"line":114,"column":7}},"type":"if","locations":[{"start":{"line":108,"column":6},"end":{"line":114,"column":7}},{"start":{"line":108,"column":6},"end":{"line":114,"column":7}}],"line":108}},"s":{"0":1,"1":1,"2":1,"3":2,"4":2,"5":2,"6":2,"7":2,"8":2,"9":1,"10":1,"11":0,"12":1,"13":1,"14":1,"15":0,"16":0,"17":1,"18":0,"19":1,"20":6,"21":6,"22":6,"23":6,"24":6,"25":6,"26":6,"27":1,"28":6,"29":6,"30":6,"31":2,"32":6,"33":3,"34":6,"35":1,"36":6,"37":4,"38":6,"39":5,"40":6,"41":6,"42":0,"43":2,"44":2,"45":0,"46":2,"47":2,"48":1,"49":1,"50":1,"51":1},"f":{"0":1,"1":1,"2":1,"3":0,"4":1,"5":0,"6":6,"7":2},"b":{"0":[2,2],"1":[2,0],"2":[0,1],"3":[1,0],"4":[0,0],"5":[1,5],"6":[6,0],"7":[2,4],"8":[3,3],"9":[1,5],"10":[4,2],"11":[5,1],"12":[6,0],"13":[0,2],"14":[1,1]},"_coverageSchema":"d34fc3e6b8297bcde183f5492bcb8fcb36775295","hash":"a65a1087d8fe8f0542a2e8547d4a39a11f4b1bcc","contentHash":"4384d8bb2304e1db9259207b830d6512_12.0.2"},"C:\\Users\\Davidshare\\Documents\\code dojo\\js\\StackOverflow-lite\\server\\middleware\\answerValidator.js":{"path":"C:\\Users\\Davidshare\\Documents\\code dojo\\js\\StackOverflow-lite\\server\\middleware\\answerValidator.js","statementMap":{"0":{"start":{"line":3,"column":0},"end":{"line":5,"column":3}},"1":{"start":{"line":7,"column":19},"end":{"line":7,"column":563}},"2":{"start":{"line":7,"column":76},"end":{"line":7,"column":347}},"3":{"start":{"line":7,"column":134},"end":{"line":7,"column":142}},"4":{"start":{"line":7,"column":144},"end":{"line":7,"column":199}},"5":{"start":{"line":7,"column":200},"end":{"line":7,"column":231}},"6":{"start":{"line":7,"column":232},"end":{"line":7,"column":286}},"7":{"start":{"line":7,"column":259},"end":{"line":7,"column":286}},"8":{"start":{"line":7,"column":287},"end":{"line":7,"column":345}},"9":{"start":{"line":7,"column":350},"end":{"line":7,"column":559}},"10":{"start":{"line":7,"column":407},"end":{"line":7,"column":475}},"11":{"start":{"line":7,"column":423},"end":{"line":7,"column":475}},"12":{"start":{"line":7,"column":476},"end":{"line":7,"column":536}},"13":{"start":{"line":7,"column":493},"end":{"line":7,"column":536}},"14":{"start":{"line":7,"column":537},"end":{"line":7,"column":556}},"15":{"start":{"line":9,"column":50},"end":{"line":9,"column":151}},"16":{"start":{"line":9,"column":92},"end":{"line":9,"column":149}},"17":{"start":{"line":15,"column":22},"end":{"line":79,"column":3}},"18":{"start":{"line":17,"column":4},"end":{"line":17,"column":43}},"19":{"start":{"line":20,"column":2},"end":{"line":76,"column":6}},"20":{"start":{"line":33,"column":26},"end":{"line":33,"column":38}},"21":{"start":{"line":34,"column":19},"end":{"line":34,"column":39}},"22":{"start":{"line":35,"column":19},"end":{"line":35,"column":39}},"23":{"start":{"line":36,"column":15},"end":{"line":36,"column":32}},"24":{"start":{"line":39,"column":19},"end":{"line":39,"column":21}},"25":{"start":{"line":40,"column":18},"end":{"line":45,"column":7}},"26":{"start":{"line":47,"column":6},"end":{"line":49,"column":7}},"27":{"start":{"line":48,"column":8},"end":{"line":48,"column":71}},"28":{"start":{"line":51,"column":6},"end":{"line":53,"column":7}},"29":{"start":{"line":52,"column":8},"end":{"line":52,"column":85}},"30":{"start":{"line":55,"column":6},"end":{"line":57,"column":7}},"31":{"start":{"line":56,"column":8},"end":{"line":56,"column":60}},"32":{"start":{"line":59,"column":6},"end":{"line":61,"column":7}},"33":{"start":{"line":60,"column":8},"end":{"line":60,"column":135}},"34":{"start":{"line":63,"column":6},"end":{"line":65,"column":7}},"35":{"start":{"line":64,"column":8},"end":{"line":64,"column":82}},"36":{"start":{"line":67,"column":6},"end":{"line":73,"column":7}},"37":{"start":{"line":68,"column":8},"end":{"line":72,"column":11}},"38":{"start":{"line":74,"column":6},"end":{"line":74,"column":20}},"39":{"start":{"line":78,"column":2},"end":{"line":78,"column":25}},"40":{"start":{"line":81,"column":0},"end":{"line":81,"column":34}}},"fnMap":{"0":{"name":"(anonymous_0)","decl":{"start":{"line":7,"column":19},"end":{"line":7,"column":20}},"loc":{"start":{"line":7,"column":31},"end":{"line":7,"column":561}},"line":7},"1":{"name":"defineProperties","decl":{"start":{"line":7,"column":42},"end":{"line":7,"column":58}},"loc":{"start":{"line":7,"column":74},"end":{"line":7,"column":349}},"line":7},"2":{"name":"(anonymous_2)","decl":{"start":{"line":7,"column":357},"end":{"line":7,"column":358}},"loc":{"start":{"line":7,"column":405},"end":{"line":7,"column":558}},"line":7},"3":{"name":"_classCallCheck","decl":{"start":{"line":9,"column":9},"end":{"line":9,"column":24}},"loc":{"start":{"line":9,"column":48},"end":{"line":9,"column":153}},"line":9},"4":{"name":"(anonymous_4)","decl":{"start":{"line":15,"column":22},"end":{"line":15,"column":23}},"loc":{"start":{"line":15,"column":34},"end":{"line":79,"column":1}},"line":15},"5":{"name":"AnswerValidator","decl":{"start":{"line":16,"column":11},"end":{"line":16,"column":26}},"loc":{"start":{"line":16,"column":29},"end":{"line":18,"column":3}},"line":16},"6":{"name":"validateAnswer","decl":{"start":{"line":32,"column":20},"end":{"line":32,"column":34}},"loc":{"start":{"line":32,"column":60},"end":{"line":75,"column":5}},"line":32}},"branchMap":{"0":{"loc":{"start":{"line":7,"column":168},"end":{"line":7,"column":198}},"type":"binary-expr","locations":[{"start":{"line":7,"column":168},"end":{"line":7,"column":189}},{"start":{"line":7,"column":193},"end":{"line":7,"column":198}}],"line":7},"1":{"loc":{"start":{"line":7,"column":232},"end":{"line":7,"column":286}},"type":"if","locations":[{"start":{"line":7,"column":232},"end":{"line":7,"column":286}},{"start":{"line":7,"column":232},"end":{"line":7,"column":286}}],"line":7},"2":{"loc":{"start":{"line":7,"column":407},"end":{"line":7,"column":475}},"type":"if","locations":[{"start":{"line":7,"column":407},"end":{"line":7,"column":475}},{"start":{"line":7,"column":407},"end":{"line":7,"column":475}}],"line":7},"3":{"loc":{"start":{"line":7,"column":476},"end":{"line":7,"column":536}},"type":"if","locations":[{"start":{"line":7,"column":476},"end":{"line":7,"column":536}},{"start":{"line":7,"column":476},"end":{"line":7,"column":536}}],"line":7},"4":{"loc":{"start":{"line":9,"column":50},"end":{"line":9,"column":151}},"type":"if","locations":[{"start":{"line":9,"column":50},"end":{"line":9,"column":151}},{"start":{"line":9,"column":50},"end":{"line":9,"column":151}}],"line":9},"5":{"loc":{"start":{"line":47,"column":6},"end":{"line":49,"column":7}},"type":"if","locations":[{"start":{"line":47,"column":6},"end":{"line":49,"column":7}},{"start":{"line":47,"column":6},"end":{"line":49,"column":7}}],"line":47},"6":{"loc":{"start":{"line":51,"column":6},"end":{"line":53,"column":7}},"type":"if","locations":[{"start":{"line":51,"column":6},"end":{"line":53,"column":7}},{"start":{"line":51,"column":6},"end":{"line":53,"column":7}}],"line":51},"7":{"loc":{"start":{"line":55,"column":6},"end":{"line":57,"column":7}},"type":"if","locations":[{"start":{"line":55,"column":6},"end":{"line":57,"column":7}},{"start":{"line":55,"column":6},"end":{"line":57,"column":7}}],"line":55},"8":{"loc":{"start":{"line":59,"column":6},"end":{"line":61,"column":7}},"type":"if","locations":[{"start":{"line":59,"column":6},"end":{"line":61,"column":7}},{"start":{"line":59,"column":6},"end":{"line":61,"column":7}}],"line":59},"9":{"loc":{"start":{"line":63,"column":6},"end":{"line":65,"column":7}},"type":"if","locations":[{"start":{"line":63,"column":6},"end":{"line":65,"column":7}},{"start":{"line":63,"column":6},"end":{"line":65,"column":7}}],"line":63},"10":{"loc":{"start":{"line":67,"column":6},"end":{"line":73,"column":7}},"type":"if","locations":[{"start":{"line":67,"column":6},"end":{"line":73,"column":7}},{"start":{"line":67,"column":6},"end":{"line":73,"column":7}}],"line":67}},"s":{"0":1,"1":1,"2":1,"3":1,"4":1,"5":1,"6":1,"7":1,"8":1,"9":1,"10":1,"11":0,"12":1,"13":1,"14":1,"15":0,"16":0,"17":1,"18":0,"19":1,"20":4,"21":4,"22":4,"23":4,"24":4,"25":4,"26":4,"27":1,"28":4,"29":4,"30":4,"31":1,"32":4,"33":3,"34":4,"35":3,"36":4,"37":4,"38":0,"39":1,"40":1},"f":{"0":1,"1":1,"2":1,"3":0,"4":1,"5":0,"6":4},"b":{"0":[1,1],"1":[1,0],"2":[0,1],"3":[1,0],"4":[0,0],"5":[1,3],"6":[4,0],"7":[1,3],"8":[3,1],"9":[3,1],"10":[4,0]},"_coverageSchema":"d34fc3e6b8297bcde183f5492bcb8fcb36775295","hash":"46c541ab7a39080e6d8ceae98c09a29c0396e3d5","contentHash":"f4989e373d1e47837a1b34ff9da7e271_12.0.2"},"C:\\Users\\Davidshare\\Documents\\code dojo\\js\\StackOverflow-lite\\server\\middleware\\userauthenticate.js":{"path":"C:\\Users\\Davidshare\\Documents\\code dojo\\js\\StackOverflow-lite\\server\\middleware\\userauthenticate.js","statementMap":{"0":{"start":{"line":3,"column":0},"end":{"line":5,"column":3}},"1":{"start":{"line":7,"column":19},"end":{"line":7,"column":563}},"2":{"start":{"line":7,"column":76},"end":{"line":7,"column":347}},"3":{"start":{"line":7,"column":134},"end":{"line":7,"column":142}},"4":{"start":{"line":7,"column":144},"end":{"line":7,"column":199}},"5":{"start":{"line":7,"column":200},"end":{"line":7,"column":231}},"6":{"start":{"line":7,"column":232},"end":{"line":7,"column":286}},"7":{"start":{"line":7,"column":259},"end":{"line":7,"column":286}},"8":{"start":{"line":7,"column":287},"end":{"line":7,"column":345}},"9":{"start":{"line":7,"column":350},"end":{"line":7,"column":559}},"10":{"start":{"line":7,"column":407},"end":{"line":7,"column":475}},"11":{"start":{"line":7,"column":423},"end":{"line":7,"column":475}},"12":{"start":{"line":7,"column":476},"end":{"line":7,"column":536}},"13":{"start":{"line":7,"column":493},"end":{"line":7,"column":536}},"14":{"start":{"line":7,"column":537},"end":{"line":7,"column":556}},"15":{"start":{"line":9,"column":20},"end":{"line":9,"column":43}},"16":{"start":{"line":11,"column":21},"end":{"line":11,"column":58}},"17":{"start":{"line":13,"column":14},"end":{"line":13,"column":31}},"18":{"start":{"line":15,"column":15},"end":{"line":15,"column":46}},"19":{"start":{"line":17,"column":14},"end":{"line":17,"column":41}},"20":{"start":{"line":19,"column":15},"end":{"line":19,"column":46}},"21":{"start":{"line":21,"column":39},"end":{"line":21,"column":93}},"22":{"start":{"line":23,"column":50},"end":{"line":23,"column":151}},"23":{"start":{"line":23,"column":92},"end":{"line":23,"column":149}},"24":{"start":{"line":25,"column":0},"end":{"line":25,"column":26}},"25":{"start":{"line":26,"column":16},"end":{"line":26,"column":54}},"26":{"start":{"line":32,"column":25},"end":{"line":69,"column":3}},"27":{"start":{"line":34,"column":4},"end":{"line":34,"column":46}},"28":{"start":{"line":37,"column":2},"end":{"line":66,"column":6}},"29":{"start":{"line":51,"column":22},"end":{"line":51,"column":100}},"30":{"start":{"line":52,"column":6},"end":{"line":64,"column":7}},"31":{"start":{"line":53,"column":8},"end":{"line":63,"column":11}},"32":{"start":{"line":54,"column":10},"end":{"line":60,"column":11}},"33":{"start":{"line":55,"column":12},"end":{"line":59,"column":15}},"34":{"start":{"line":61,"column":10},"end":{"line":61,"column":30}},"35":{"start":{"line":62,"column":10},"end":{"line":62,"column":24}},"36":{"start":{"line":68,"column":2},"end":{"line":68,"column":28}},"37":{"start":{"line":71,"column":0},"end":{"line":71,"column":37}}},"fnMap":{"0":{"name":"(anonymous_0)","decl":{"start":{"line":7,"column":19},"end":{"line":7,"column":20}},"loc":{"start":{"line":7,"column":31},"end":{"line":7,"column":561}},"line":7},"1":{"name":"defineProperties","decl":{"start":{"line":7,"column":42},"end":{"line":7,"column":58}},"loc":{"start":{"line":7,"column":74},"end":{"line":7,"column":349}},"line":7},"2":{"name":"(anonymous_2)","decl":{"start":{"line":7,"column":357},"end":{"line":7,"column":358}},"loc":{"start":{"line":7,"column":405},"end":{"line":7,"column":558}},"line":7},"3":{"name":"_interopRequireDefault","decl":{"start":{"line":21,"column":9},"end":{"line":21,"column":31}},"loc":{"start":{"line":21,"column":37},"end":{"line":21,"column":95}},"line":21},"4":{"name":"_classCallCheck","decl":{"start":{"line":23,"column":9},"end":{"line":23,"column":24}},"loc":{"start":{"line":23,"column":48},"end":{"line":23,"column":153}},"line":23},"5":{"name":"(anonymous_5)","decl":{"start":{"line":32,"column":25},"end":{"line":32,"column":26}},"loc":{"start":{"line":32,"column":37},"end":{"line":69,"column":1}},"line":32},"6":{"name":"UserAuthentication","decl":{"start":{"line":33,"column":11},"end":{"line":33,"column":29}},"loc":{"start":{"line":33,"column":32},"end":{"line":35,"column":3}},"line":33},"7":{"name":"authenticateUser","decl":{"start":{"line":50,"column":20},"end":{"line":50,"column":36}},"loc":{"start":{"line":50,"column":62},"end":{"line":65,"column":5}},"line":50},"8":{"name":"(anonymous_8)","decl":{"start":{"line":53,"column":60},"end":{"line":53,"column":61}},"loc":{"start":{"line":53,"column":83},"end":{"line":63,"column":9}},"line":53}},"branchMap":{"0":{"loc":{"start":{"line":7,"column":168},"end":{"line":7,"column":198}},"type":"binary-expr","locations":[{"start":{"line":7,"column":168},"end":{"line":7,"column":189}},{"start":{"line":7,"column":193},"end":{"line":7,"column":198}}],"line":7},"1":{"loc":{"start":{"line":7,"column":232},"end":{"line":7,"column":286}},"type":"if","locations":[{"start":{"line":7,"column":232},"end":{"line":7,"column":286}},{"start":{"line":7,"column":232},"end":{"line":7,"column":286}}],"line":7},"2":{"loc":{"start":{"line":7,"column":407},"end":{"line":7,"column":475}},"type":"if","locations":[{"start":{"line":7,"column":407},"end":{"line":7,"column":475}},{"start":{"line":7,"column":407},"end":{"line":7,"column":475}}],"line":7},"3":{"loc":{"start":{"line":7,"column":476},"end":{"line":7,"column":536}},"type":"if","locations":[{"start":{"line":7,"column":476},"end":{"line":7,"column":536}},{"start":{"line":7,"column":476},"end":{"line":7,"column":536}}],"line":7},"4":{"loc":{"start":{"line":21,"column":46},"end":{"line":21,"column":92}},"type":"cond-expr","locations":[{"start":{"line":21,"column":70},"end":{"line":21,"column":73}},{"start":{"line":21,"column":76},"end":{"line":21,"column":92}}],"line":21},"5":{"loc":{"start":{"line":21,"column":46},"end":{"line":21,"column":67}},"type":"binary-expr","locations":[{"start":{"line":21,"column":46},"end":{"line":21,"column":49}},{"start":{"line":21,"column":53},"end":{"line":21,"column":67}}],"line":21},"6":{"loc":{"start":{"line":23,"column":50},"end":{"line":23,"column":151}},"type":"if","locations":[{"start":{"line":23,"column":50},"end":{"line":23,"column":151}},{"start":{"line":23,"column":50},"end":{"line":23,"column":151}}],"line":23},"7":{"loc":{"start":{"line":51,"column":22},"end":{"line":51,"column":100}},"type":"binary-expr","locations":[{"start":{"line":51,"column":22},"end":{"line":51,"column":40}},{"start":{"line":51,"column":44},"end":{"line":51,"column":63}},{"start":{"line":51,"column":67},"end":{"line":51,"column":100}}],"line":51},"8":{"loc":{"start":{"line":52,"column":6},"end":{"line":64,"column":7}},"type":"if","locations":[{"start":{"line":52,"column":6},"end":{"line":64,"column":7}},{"start":{"line":52,"column":6},"end":{"line":64,"column":7}}],"line":52},"9":{"loc":{"start":{"line":54,"column":10},"end":{"line":60,"column":11}},"type":"if","locations":[{"start":{"line":54,"column":10},"end":{"line":60,"column":11}},{"start":{"line":54,"column":10},"end":{"line":60,"column":11}}],"line":54}},"s":{"0":1,"1":1,"2":1,"3":1,"4":1,"5":1,"6":1,"7":1,"8":1,"9":1,"10":1,"11":0,"12":1,"13":1,"14":1,"15":1,"16":1,"17":1,"18":1,"19":1,"20":1,"21":3,"22":0,"23":0,"24":1,"25":1,"26":1,"27":0,"28":1,"29":11,"30":11,"31":10,"32":10,"33":0,"34":10,"35":10,"36":1,"37":1},"f":{"0":1,"1":1,"2":1,"3":3,"4":0,"5":1,"6":0,"7":11,"8":10},"b":{"0":[1,1],"1":[1,0],"2":[0,1],"3":[1,0],"4":[1,2],"5":[3,3],"6":[0,0],"7":[11,1,1],"8":[10,1],"9":[0,10]},"_coverageSchema":"d34fc3e6b8297bcde183f5492bcb8fcb36775295","hash":"57a2ef7dd5b13c3264b7c76b0f3128850be12e0d","contentHash":"237ea1e90d23b2d6edd3302164c21dad_12.0.2"},"C:\\Users\\Davidshare\\Documents\\code dojo\\js\\StackOverflow-lite\\server\\middleware\\signupValidator.js":{"path":"C:\\Users\\Davidshare\\Documents\\code dojo\\js\\StackOverflow-lite\\server\\middleware\\signupValidator.js","statementMap":{"0":{"start":{"line":3,"column":0},"end":{"line":5,"column":3}},"1":{"start":{"line":7,"column":19},"end":{"line":7,"column":563}},"2":{"start":{"line":7,"column":76},"end":{"line":7,"column":347}},"3":{"start":{"line":7,"column":134},"end":{"line":7,"column":142}},"4":{"start":{"line":7,"column":144},"end":{"line":7,"column":199}},"5":{"start":{"line":7,"column":200},"end":{"line":7,"column":231}},"6":{"start":{"line":7,"column":232},"end":{"line":7,"column":286}},"7":{"start":{"line":7,"column":259},"end":{"line":7,"column":286}},"8":{"start":{"line":7,"column":287},"end":{"line":7,"column":345}},"9":{"start":{"line":7,"column":350},"end":{"line":7,"column":559}},"10":{"start":{"line":7,"column":407},"end":{"line":7,"column":475}},"11":{"start":{"line":7,"column":423},"end":{"line":7,"column":475}},"12":{"start":{"line":7,"column":476},"end":{"line":7,"column":536}},"13":{"start":{"line":7,"column":493},"end":{"line":7,"column":536}},"14":{"start":{"line":7,"column":537},"end":{"line":7,"column":556}},"15":{"start":{"line":9,"column":23},"end":{"line":9,"column":51}},"16":{"start":{"line":11,"column":24},"end":{"line":11,"column":64}},"17":{"start":{"line":13,"column":39},"end":{"line":13,"column":93}},"18":{"start":{"line":15,"column":50},"end":{"line":15,"column":151}},"19":{"start":{"line":15,"column":92},"end":{"line":15,"column":149}},"20":{"start":{"line":20,"column":22},"end":{"line":140,"column":3}},"21":{"start":{"line":22,"column":4},"end":{"line":22,"column":43}},"22":{"start":{"line":25,"column":2},"end":{"line":137,"column":6}},"23":{"start":{"line":38,"column":26},"end":{"line":38,"column":38}},"24":{"start":{"line":39,"column":21},"end":{"line":39,"column":43}},"25":{"start":{"line":40,"column":21},"end":{"line":40,"column":43}},"26":{"start":{"line":41,"column":18},"end":{"line":41,"column":37}},"27":{"start":{"line":42,"column":21},"end":{"line":42,"column":43}},"28":{"start":{"line":45,"column":6},"end":{"line":129,"column":7}},"29":{"start":{"line":46,"column":21},"end":{"line":46,"column":23}},"30":{"start":{"line":47,"column":20},"end":{"line":57,"column":9}},"31":{"start":{"line":59,"column":26},"end":{"line":59,"column":78}},"32":{"start":{"line":60,"column":29},"end":{"line":60,"column":87}},"33":{"start":{"line":61,"column":8},"end":{"line":61,"column":22}},"34":{"start":{"line":63,"column":8},"end":{"line":63,"column":49}},"35":{"start":{"line":64,"column":8},"end":{"line":64,"column":55}},"36":{"start":{"line":66,"column":8},"end":{"line":68,"column":9}},"37":{"start":{"line":67,"column":10},"end":{"line":67,"column":62}},"38":{"start":{"line":70,"column":8},"end":{"line":72,"column":9}},"39":{"start":{"line":71,"column":10},"end":{"line":71,"column":104}},"40":{"start":{"line":74,"column":8},"end":{"line":76,"column":9}},"41":{"start":{"line":75,"column":10},"end":{"line":75,"column":87}},"42":{"start":{"line":78,"column":8},"end":{"line":80,"column":9}},"43":{"start":{"line":79,"column":10},"end":{"line":79,"column":61}},"44":{"start":{"line":82,"column":8},"end":{"line":84,"column":9}},"45":{"start":{"line":83,"column":10},"end":{"line":83,"column":134}},"46":{"start":{"line":86,"column":8},"end":{"line":88,"column":9}},"47":{"start":{"line":87,"column":10},"end":{"line":87,"column":83}},"48":{"start":{"line":90,"column":8},"end":{"line":92,"column":9}},"49":{"start":{"line":91,"column":10},"end":{"line":91,"column":55}},"50":{"start":{"line":94,"column":8},"end":{"line":96,"column":9}},"51":{"start":{"line":95,"column":10},"end":{"line":95,"column":90}},"52":{"start":{"line":98,"column":8},"end":{"line":100,"column":9}},"53":{"start":{"line":99,"column":10},"end":{"line":99,"column":94}},"54":{"start":{"line":102,"column":8},"end":{"line":104,"column":9}},"55":{"start":{"line":103,"column":10},"end":{"line":103,"column":59}},"56":{"start":{"line":106,"column":8},"end":{"line":108,"column":9}},"57":{"start":{"line":107,"column":10},"end":{"line":107,"column":77}},"58":{"start":{"line":110,"column":8},"end":{"line":112,"column":9}},"59":{"start":{"line":111,"column":10},"end":{"line":111,"column":89}},"60":{"start":{"line":113,"column":8},"end":{"line":115,"column":9}},"61":{"start":{"line":114,"column":10},"end":{"line":114,"column":71}},"62":{"start":{"line":117,"column":8},"end":{"line":119,"column":9}},"63":{"start":{"line":118,"column":10},"end":{"line":118,"column":69}},"64":{"start":{"line":121,"column":8},"end":{"line":127,"column":9}},"65":{"start":{"line":122,"column":10},"end":{"line":126,"column":13}},"66":{"start":{"line":128,"column":8},"end":{"line":128,"column":22}},"67":{"start":{"line":131,"column":6},"end":{"line":135,"column":9}},"68":{"start":{"line":139,"column":2},"end":{"line":139,"column":25}},"69":{"start":{"line":142,"column":0},"end":{"line":142,"column":34}}},"fnMap":{"0":{"name":"(anonymous_0)","decl":{"start":{"line":7,"column":19},"end":{"line":7,"column":20}},"loc":{"start":{"line":7,"column":31},"end":{"line":7,"column":561}},"line":7},"1":{"name":"defineProperties","decl":{"start":{"line":7,"column":42},"end":{"line":7,"column":58}},"loc":{"start":{"line":7,"column":74},"end":{"line":7,"column":349}},"line":7},"2":{"name":"(anonymous_2)","decl":{"start":{"line":7,"column":357},"end":{"line":7,"column":358}},"loc":{"start":{"line":7,"column":405},"end":{"line":7,"column":558}},"line":7},"3":{"name":"_interopRequireDefault","decl":{"start":{"line":13,"column":9},"end":{"line":13,"column":31}},"loc":{"start":{"line":13,"column":37},"end":{"line":13,"column":95}},"line":13},"4":{"name":"_classCallCheck","decl":{"start":{"line":15,"column":9},"end":{"line":15,"column":24}},"loc":{"start":{"line":15,"column":48},"end":{"line":15,"column":153}},"line":15},"5":{"name":"(anonymous_5)","decl":{"start":{"line":20,"column":22},"end":{"line":20,"column":23}},"loc":{"start":{"line":20,"column":34},"end":{"line":140,"column":1}},"line":20},"6":{"name":"SignupValidator","decl":{"start":{"line":21,"column":11},"end":{"line":21,"column":26}},"loc":{"start":{"line":21,"column":29},"end":{"line":23,"column":3}},"line":21},"7":{"name":"validateSignup","decl":{"start":{"line":37,"column":20},"end":{"line":37,"column":34}},"loc":{"start":{"line":37,"column":60},"end":{"line":136,"column":5}},"line":37}},"branchMap":{"0":{"loc":{"start":{"line":7,"column":168},"end":{"line":7,"column":198}},"type":"binary-expr","locations":[{"start":{"line":7,"column":168},"end":{"line":7,"column":189}},{"start":{"line":7,"column":193},"end":{"line":7,"column":198}}],"line":7},"1":{"loc":{"start":{"line":7,"column":232},"end":{"line":7,"column":286}},"type":"if","locations":[{"start":{"line":7,"column":232},"end":{"line":7,"column":286}},{"start":{"line":7,"column":232},"end":{"line":7,"column":286}}],"line":7},"2":{"loc":{"start":{"line":7,"column":407},"end":{"line":7,"column":475}},"type":"if","locations":[{"start":{"line":7,"column":407},"end":{"line":7,"column":475}},{"start":{"line":7,"column":407},"end":{"line":7,"column":475}}],"line":7},"3":{"loc":{"start":{"line":7,"column":476},"end":{"line":7,"column":536}},"type":"if","locations":[{"start":{"line":7,"column":476},"end":{"line":7,"column":536}},{"start":{"line":7,"column":476},"end":{"line":7,"column":536}}],"line":7},"4":{"loc":{"start":{"line":13,"column":46},"end":{"line":13,"column":92}},"type":"cond-expr","locations":[{"start":{"line":13,"column":70},"end":{"line":13,"column":73}},{"start":{"line":13,"column":76},"end":{"line":13,"column":92}}],"line":13},"5":{"loc":{"start":{"line":13,"column":46},"end":{"line":13,"column":67}},"type":"binary-expr","locations":[{"start":{"line":13,"column":46},"end":{"line":13,"column":49}},{"start":{"line":13,"column":53},"end":{"line":13,"column":67}}],"line":13},"6":{"loc":{"start":{"line":15,"column":50},"end":{"line":15,"column":151}},"type":"if","locations":[{"start":{"line":15,"column":50},"end":{"line":15,"column":151}},{"start":{"line":15,"column":50},"end":{"line":15,"column":151}}],"line":15},"7":{"loc":{"start":{"line":45,"column":6},"end":{"line":129,"column":7}},"type":"if","locations":[{"start":{"line":45,"column":6},"end":{"line":129,"column":7}},{"start":{"line":45,"column":6},"end":{"line":129,"column":7}}],"line":45},"8":{"loc":{"start":{"line":45,"column":10},"end":{"line":45,"column":51}},"type":"binary-expr","locations":[{"start":{"line":45,"column":10},"end":{"line":45,"column":18}},{"start":{"line":45,"column":22},"end":{"line":45,"column":30}},{"start":{"line":45,"column":34},"end":{"line":45,"column":39}},{"start":{"line":45,"column":43},"end":{"line":45,"column":51}}],"line":45},"9":{"loc":{"start":{"line":66,"column":8},"end":{"line":68,"column":9}},"type":"if","locations":[{"start":{"line":66,"column":8},"end":{"line":68,"column":9}},{"start":{"line":66,"column":8},"end":{"line":68,"column":9}}],"line":66},"10":{"loc":{"start":{"line":70,"column":8},"end":{"line":72,"column":9}},"type":"if","locations":[{"start":{"line":70,"column":8},"end":{"line":72,"column":9}},{"start":{"line":70,"column":8},"end":{"line":72,"column":9}}],"line":70},"11":{"loc":{"start":{"line":74,"column":8},"end":{"line":76,"column":9}},"type":"if","locations":[{"start":{"line":74,"column":8},"end":{"line":76,"column":9}},{"start":{"line":74,"column":8},"end":{"line":76,"column":9}}],"line":74},"12":{"loc":{"start":{"line":78,"column":8},"end":{"line":80,"column":9}},"type":"if","locations":[{"start":{"line":78,"column":8},"end":{"line":80,"column":9}},{"start":{"line":78,"column":8},"end":{"line":80,"column":9}}],"line":78},"13":{"loc":{"start":{"line":82,"column":8},"end":{"line":84,"column":9}},"type":"if","locations":[{"start":{"line":82,"column":8},"end":{"line":84,"column":9}},{"start":{"line":82,"column":8},"end":{"line":84,"column":9}}],"line":82},"14":{"loc":{"start":{"line":86,"column":8},"end":{"line":88,"column":9}},"type":"if","locations":[{"start":{"line":86,"column":8},"end":{"line":88,"column":9}},{"start":{"line":86,"column":8},"end":{"line":88,"column":9}}],"line":86},"15":{"loc":{"start":{"line":90,"column":8},"end":{"line":92,"column":9}},"type":"if","locations":[{"start":{"line":90,"column":8},"end":{"line":92,"column":9}},{"start":{"line":90,"column":8},"end":{"line":92,"column":9}}],"line":90},"16":{"loc":{"start":{"line":94,"column":8},"end":{"line":96,"column":9}},"type":"if","locations":[{"start":{"line":94,"column":8},"end":{"line":96,"column":9}},{"start":{"line":94,"column":8},"end":{"line":96,"column":9}}],"line":94},"17":{"loc":{"start":{"line":98,"column":8},"end":{"line":100,"column":9}},"type":"if","locations":[{"start":{"line":98,"column":8},"end":{"line":100,"column":9}},{"start":{"line":98,"column":8},"end":{"line":100,"column":9}}],"line":98},"18":{"loc":{"start":{"line":102,"column":8},"end":{"line":104,"column":9}},"type":"if","locations":[{"start":{"line":102,"column":8},"end":{"line":104,"column":9}},{"start":{"line":102,"column":8},"end":{"line":104,"column":9}}],"line":102},"19":{"loc":{"start":{"line":106,"column":8},"end":{"line":108,"column":9}},"type":"if","locations":[{"start":{"line":106,"column":8},"end":{"line":108,"column":9}},{"start":{"line":106,"column":8},"end":{"line":108,"column":9}}],"line":106},"20":{"loc":{"start":{"line":110,"column":8},"end":{"line":112,"column":9}},"type":"if","locations":[{"start":{"line":110,"column":8},"end":{"line":112,"column":9}},{"start":{"line":110,"column":8},"end":{"line":112,"column":9}}],"line":110},"21":{"loc":{"start":{"line":113,"column":8},"end":{"line":115,"column":9}},"type":"if","locations":[{"start":{"line":113,"column":8},"end":{"line":115,"column":9}},{"start":{"line":113,"column":8},"end":{"line":115,"column":9}}],"line":113},"22":{"loc":{"start":{"line":117,"column":8},"end":{"line":119,"column":9}},"type":"if","locations":[{"start":{"line":117,"column":8},"end":{"line":119,"column":9}},{"start":{"line":117,"column":8},"end":{"line":119,"column":9}}],"line":117},"23":{"loc":{"start":{"line":121,"column":8},"end":{"line":127,"column":9}},"type":"if","locations":[{"start":{"line":121,"column":8},"end":{"line":127,"column":9}},{"start":{"line":121,"column":8},"end":{"line":127,"column":9}}],"line":121}},"s":{"0":1,"1":1,"2":1,"3":1,"4":1,"5":1,"6":1,"7":1,"8":1,"9":1,"10":1,"11":0,"12":1,"13":1,"14":1,"15":1,"16":1,"17":1,"18":0,"19":0,"20":1,"21":0,"22":1,"23":16,"24":16,"25":16,"26":16,"27":16,"28":16,"29":12,"30":12,"31":12,"32":12,"33":12,"34":12,"35":12,"36":12,"37":0,"38":12,"39":1,"40":12,"41":2,"42":12,"43":0,"44":12,"45":1,"46":12,"47":2,"48":12,"49":0,"50":12,"51":2,"52":12,"53":2,"54":12,"55":0,"56":12,"57":0,"58":12,"59":1,"60":12,"61":0,"62":12,"63":0,"64":12,"65":6,"66":6,"67":4,"68":1,"69":1},"f":{"0":1,"1":1,"2":1,"3":1,"4":0,"5":1,"6":0,"7":16},"b":{"0":[1,1],"1":[1,0],"2":[0,1],"3":[1,0],"4":[1,0],"5":[1,1],"6":[0,0],"7":[12,4],"8":[16,15,14,13],"9":[0,12],"10":[1,11],"11":[2,10],"12":[0,12],"13":[1,11],"14":[2,10],"15":[0,12],"16":[2,10],"17":[2,10],"18":[0,12],"19":[0,12],"20":[1,11],"21":[0,12],"22":[0,12],"23":[6,6]},"_coverageSchema":"d34fc3e6b8297bcde183f5492bcb8fcb36775295","hash":"fd7a1ffeb0e6e22ac1931dc362e5a4b2abe8455f","contentHash":"6f86dd238851573166d33fe90ebb5d1e_12.0.2"},"C:\\Users\\Davidshare\\Documents\\code dojo\\js\\StackOverflow-lite\\server\\middleware\\checkDuplicates.js":{"path":"C:\\Users\\Davidshare\\Documents\\code dojo\\js\\StackOverflow-lite\\server\\middleware\\checkDuplicates.js","statementMap":{"0":{"start":{"line":3,"column":0},"end":{"line":5,"column":3}},"1":{"start":{"line":7,"column":19},"end":{"line":7,"column":563}},"2":{"start":{"line":7,"column":76},"end":{"line":7,"column":347}},"3":{"start":{"line":7,"column":134},"end":{"line":7,"column":142}},"4":{"start":{"line":7,"column":144},"end":{"line":7,"column":199}},"5":{"start":{"line":7,"column":200},"end":{"line":7,"column":231}},"6":{"start":{"line":7,"column":232},"end":{"line":7,"column":286}},"7":{"start":{"line":7,"column":259},"end":{"line":7,"column":286}},"8":{"start":{"line":7,"column":287},"end":{"line":7,"column":345}},"9":{"start":{"line":7,"column":350},"end":{"line":7,"column":559}},"10":{"start":{"line":7,"column":407},"end":{"line":7,"column":475}},"11":{"start":{"line":7,"column":423},"end":{"line":7,"column":475}},"12":{"start":{"line":7,"column":476},"end":{"line":7,"column":536}},"13":{"start":{"line":7,"column":493},"end":{"line":7,"column":536}},"14":{"start":{"line":7,"column":537},"end":{"line":7,"column":556}},"15":{"start":{"line":9,"column":12},"end":{"line":9,"column":38}},"16":{"start":{"line":11,"column":13},"end":{"line":11,"column":42}},"17":{"start":{"line":13,"column":39},"end":{"line":13,"column":93}},"18":{"start":{"line":15,"column":50},"end":{"line":15,"column":151}},"19":{"start":{"line":15,"column":92},"end":{"line":15,"column":149}},"20":{"start":{"line":17,"column":13},"end":{"line":17,"column":34}},"21":{"start":{"line":18,"column":0},"end":{"line":18,"column":17}},"22":{"start":{"line":23,"column":22},"end":{"line":74,"column":3}},"23":{"start":{"line":25,"column":4},"end":{"line":25,"column":43}},"24":{"start":{"line":28,"column":2},"end":{"line":71,"column":6}},"25":{"start":{"line":38,"column":18},"end":{"line":38,"column":70}},"26":{"start":{"line":40,"column":6},"end":{"line":47,"column":9}},"27":{"start":{"line":41,"column":8},"end":{"line":43,"column":9}},"28":{"start":{"line":42,"column":10},"end":{"line":42,"column":23}},"29":{"start":{"line":44,"column":8},"end":{"line":44,"column":20}},"30":{"start":{"line":46,"column":8},"end":{"line":46,"column":27}},"31":{"start":{"line":60,"column":18},"end":{"line":60,"column":76}},"32":{"start":{"line":62,"column":6},"end":{"line":69,"column":9}},"33":{"start":{"line":63,"column":8},"end":{"line":65,"column":9}},"34":{"start":{"line":64,"column":10},"end":{"line":64,"column":23}},"35":{"start":{"line":66,"column":8},"end":{"line":66,"column":20}},"36":{"start":{"line":68,"column":8},"end":{"line":68,"column":27}},"37":{"start":{"line":73,"column":2},"end":{"line":73,"column":25}},"38":{"start":{"line":76,"column":0},"end":{"line":76,"column":34}}},"fnMap":{"0":{"name":"(anonymous_0)","decl":{"start":{"line":7,"column":19},"end":{"line":7,"column":20}},"loc":{"start":{"line":7,"column":31},"end":{"line":7,"column":561}},"line":7},"1":{"name":"de
[...]
line":58,"column":3}},"line":46},"7":{"name":"(anonymous_7)","decl":{"start":{"line":52,"column":11},"end":{"line":52,"column":12}},"loc":{"start":{"line":52,"column":38},"end":{"line":57,"column":5}},"line":52},"8":{"name":"(anonymous_8)","decl":{"start":{"line":60,"column":78},"end":{"line":60,"column":79}},"loc":{"start":{"line":60,"column":94},"end":{"line":72,"column":3}},"line":60},"9":{"name":"(anonymous_9)","decl":{"start":{"line":66,"column":11},"end":{"line":66,"column":12}},"loc":{"start":{"line":66,"column":38},"end":{"line":71,"column":5}},"line":66},"10":{"name":"(anonymous_10)","decl":{"start":{"line":74,"column":69},"end":{"line":74,"column":70}},"loc":{"start":{"line":74,"column":85},"end":{"line":86,"column":3}},"line":74},"11":{"name":"(anonymous_11)","decl":{"start":{"line":80,"column":11},"end":{"line":80,"column":12}},"loc":{"start":{"line":80,"column":38},"end":{"line":85,"column":5}},"line":80},"12":{"name":"(anonymous_12)","decl":{"start":{"line":88,"column":61},"end":{"line":88,"column":62}},"loc":{"start":{"line":88,"column":77},"end":{"line":100,"column":3}},"line":88},"13":{"name":"(anonymous_13)","decl":{"start":{"line":94,"column":11},"end":{"line":94,"column":12}},"loc":{"start":{"line":94,"column":38},"end":{"line":99,"column":5}},"line":94},"14":{"name":"(anonymous_14)","decl":{"start":{"line":102,"column":73},"end":{"line":102,"column":74}},"loc":{"start":{"line":102,"column":89},"end":{"line":115,"column":3}},"line":102},"15":{"name":"(anonymous_15)","decl":{"start":{"line":108,"column":11},"end":{"line":108,"column":12}},"loc":{"start":{"line":108,"column":38},"end":{"line":114,"column":5}},"line":108},"16":{"name":"(anonymous_16)","decl":{"start":{"line":117,"column":65},"end":{"line":117,"column":66}},"loc":{"start":{"line":117,"column":81},"end":{"line":130,"column":3}},"line":117},"17":{"name":"(anonymous_17)","decl":{"start":{"line":123,"column":11},"end":{"line":123,"column":12}},"loc":{"start":{"line":123,"column":38},"end":{"line":129,"column":5}},"line":123},"18":{"name":"(anonymous_18)","decl":{"start":{"line":132,"column":62},"end":{"line":132,"column":63}},"loc":{"start":{"line":132,"column":78},"end":{"line":140,"column":3}},"line":132},"19":{"name":"(anonymous_19)","decl":{"start":{"line":133,"column":104},"end":{"line":133,"column":105}},"loc":{"start":{"line":133,"column":131},"end":{"line":139,"column":5}},"line":133},"20":{"name":"(anonymous_20)","decl":{"start":{"line":142,"column":60},"end":{"line":142,"column":61}},"loc":{"start":{"line":142,"column":76},"end":{"line":155,"column":3}},"line":142},"21":{"name":"(anonymous_21)","decl":{"start":{"line":148,"column":11},"end":{"line":148,"column":12}},"loc":{"start":{"line":148,"column":38},"end":{"line":154,"column":5}},"line":148},"22":{"name":"(anonymous_22)","decl":{"start":{"line":157,"column":72},"end":{"line":157,"column":73}},"loc":{"start":{"line":157,"column":88},"end":{"line":170,"column":3}},"line":157},"23":{"name":"(anonymous_23)","decl":{"start":{"line":163,"column":11},"end":{"line":163,"column":12}},"loc":{"start":{"line":163,"column":38},"end":{"line":169,"column":5}},"line":163},"24":{"name":"(anonymous_24)","decl":{"start":{"line":172,"column":54},"end":{"line":172,"column":55}},"loc":{"start":{"line":172,"column":70},"end":{"line":185,"column":3}},"line":172},"25":{"name":"(anonymous_25)","decl":{"start":{"line":178,"column":11},"end":{"line":178,"column":12}},"loc":{"start":{"line":178,"column":38},"end":{"line":184,"column":5}},"line":178},"26":{"name":"(anonymous_26)","decl":{"start":{"line":187,"column":72},"end":{"line":187,"column":73}},"loc":{"start":{"line":187,"column":88},"end":{"line":200,"column":3}},"line":187},"27":{"name":"(anonymous_27)","decl":{"start":{"line":193,"column":11},"end":{"line":193,"column":12}},"loc":{"start":{"line":193,"column":38},"end":{"line":199,"column":5}},"line":193},"28":{"name":"(anonymous_28)","decl":{"start":{"line":202,"column":64},"end":{"line":202,"column":65}},"loc":{"start":{"line":202,"column":80},"end":{"line":215,"column":3}},"line":202},"29":{"name":"(anonymous_29)","decl":{"start":{"line":208,"column":11},"end":{"line":208,"column":12}},"loc":{"start":{"line":208,"column":38},"end":{"line":214,"column":5}},"line":208},"30":{"name":"(anonymous_30)","decl":{"start":{"line":218,"column":37},"end":{"line":218,"column":38}},"loc":{"start":{"line":218,"column":49},"end":{"line":268,"column":1}},"line":218},"31":{"name":"(anonymous_31)","decl":{"start":{"line":219,"column":70},"end":{"line":219,"column":71}},"loc":{"start":{"line":219,"column":86},"end":{"line":229,"column":3}},"line":219},"32":{"name":"(anonymous_32)","decl":{"start":{"line":223,"column":11},"end":{"line":223,"column":12}},"loc":{"start":{"line":223,"column":38},"end":{"line":228,"column":5}},"line":223},"33":{"name":"(anonymous_33)","decl":{"start":{"line":230,"column":58},"end":{"line":230,"column":59}},"loc":{"start":{"line":230,"column":74},"end":{"line":241,"column":3}},"line":230},"34":{"name":"(anonymous_34)","decl":{"start":{"line":234,"column":11},"end":{"line":234,"column":12}},"loc":{"start":{"line":234,"column":38},"end":{"line":240,"column":5}},"line":234},"35":{"name":"(anonymous_35)","decl":{"start":{"line":243,"column":52},"end":{"line":243,"column":53}},"loc":{"start":{"line":243,"column":68},"end":{"line":254,"column":3}},"line":243},"36":{"name":"(anonymous_36)","decl":{"start":{"line":247,"column":11},"end":{"line":247,"column":12}},"loc":{"start":{"line":247,"column":38},"end":{"line":253,"column":5}},"line":247},"37":{"name":"(anonymous_37)","decl":{"start":{"line":256,"column":62},"end":{"line":256,"column":63}},"loc":{"start":{"line":256,"column":78},"end":{"line":267,"column":3}},"line":256},"38":{"name":"(anonymous_38)","decl":{"start":{"line":260,"column":11},"end":{"line":260,"column":12}},"loc":{"start":{"line":260,"column":38},"end":{"line":266,"column":5}},"line":260}},"branchMap":{"0":{"loc":{"start":{"line":19,"column":46},"end":{"line":19,"column":92}},"type":"cond-expr","locations":[{"start":{"line":19,"column":70},"end":{"line":19,"column":73}},{"start":{"line":19,"column":76},"end":{"line":19,"column":92}}],"line":19},"1":{"loc":{"start":{"line":19,"column":46},"end":{"line":19,"column":67}},"type":"binary-expr","locations":[{"start":{"line":19,"column":46},"end":{"line":19,"column":49}},{"start":{"line":19,"column":53},"end":{"line":19,"column":67}}],"line":19}},"s":{"0":1,"1":1,"2":1,"3":1,"4":1,"5":1,"6":1,"7":1,"8":4,"9":1,"10":1,"11":1,"12":1,"13":1,"14":1,"15":1,"16":1,"17":1,"18":1,"19":1,"20":1,"21":1,"22":1,"23":1,"24":0,"25":0,"26":1,"27":1,"28":1,"29":1,"30":1,"31":0,"32":1,"33":1,"34":1,"35":1,"36":1,"37":1,"38":1,"39":1,"40":1,"41":1,"42":1,"43":1,"44":1,"45":1,"46":1,"47":1,"48":1,"49":1,"50":1,"51":1,"52":1,"53":1,"54":1,"55":1,"56":1,"57":1,"58":1,"59":1,"60":1,"61":1,"62":1,"63":1,"64":1,"65":1,"66":1,"67":1,"68":1,"69":0,"70":0,"71":1,"72":1,"73":1,"74":1,"75":1,"76":1,"77":1,"78":1,"79":1,"80":1,"81":1,"82":1,"83":1,"84":1,"85":1,"86":1,"87":1,"88":1,"89":1,"90":1,"91":1,"92":1,"93":1,"94":1,"95":1,"96":1,"97":1,"98":1,"99":1,"100":1,"101":1,"102":1,"103":1,"104":1,"105":1,"106":1,"107":1,"108":1,"109":1,"110":1,"111":1,"112":1,"113":1,"114":1,"115":1,"116":1,"117":1,"118":1,"119":1,"120":1,"121":1,"122":1,"123":1,"124":1,"125":1,"126":1,"127":1,"128":1,"129":1,"130":1,"131":1,"132":1,"133":1},"f":{"0":4,"1":1,"2":1,"3":1,"4":1,"5":1,"6":1,"7":1,"8":1,"9":1,"10":1,"11":1,"12":1,"13":1,"14":1,"15":1,"16":1,"17":1,"18":1,"19":1,"20":1,"21":1,"22":1,"23":1,"24":1,"25":1,"26":1,"27":1,"28":1,"29":1,"30":1,"31":1,"32":1,"33":1,"34":1,"35":1,"36":1,"37":1,"38":1},"b":{"0":[2,2],"1":[4,4]},"_coverageSchema":"d34fc3e6b8297bcde183f5492bcb8fcb36775295","hash":"4ea84d425f05cf76187eb6b106360f0d232a3c35","contentHash":"87f86bd9ffdd85ddecc8c3251ec3eb57_12.0.2"},"C:\\Users\\Davidshare\\Documents\\code dojo\\js\\StackOverflow-lite\\server\\tests\\questions.js":{"path":"C:\\Users\\Davidshare\\Documents\\code dojo\\js\\StackOverflow-lite\\server\\tests\\questions.js","statementMap":{"0":{"start":{"line":3,"column":16},"end":{"line":3,"column":36}},"1":{"start":{"line":5,"column":17},"end":{"line":5,"column":50}},"2":{"start":{"line":7,"column":12},"end":{"line":7,"column":27}},"3":{"start":{"line":9,"column":13},"end":{"line":9,"column":42}},"4":{"start":{"line":11,"column":11},"end":{"line":11,"column":31}},"5":{"start":{"line":13,"column":12},"end":{"line":13,"column":40}},"6":{"start":{"line":15,"column":16},"end":{"line":15,"column":37}},"7":{"start":{"line":17,"column":17},"end":{"line":17,"column":50}},"8":{"start":{"line":19,"column":39},"end":{"line":19,"column":93}},"9":{"start":{"line":21,"column":13},"end":{"line":21,"column":34}},"10":{"start":{"line":23,"column":19},"end":{"line":23,"column":38}},"11":{"start":{"line":24,"column":16},"end":{"line":24,"column":37}},"12":{"start":{"line":26,"column":19},"end":{"line":26,"column":25}},"13":{"start":{"line":27,"column":0},"end":{"line":27,"column":39}},"14":{"start":{"line":29,"column":0},"end":{"line":39,"column":3}},"15":{"start":{"line":30,"column":2},"end":{"line":38,"column":5}},"16":{"start":{"line":31,"column":4},"end":{"line":37,"column":7}},"17":{"start":{"line":32,"column":6},"end":{"line":32,"column":43}},"18":{"start":{"line":33,"column":6},"end":{"line":33,"column":47}},"19":{"start":{"line":34,"column":6},"end":{"line":34,"column":58}},"20":{"start":{"line":35,"column":6},"end":{"line":35,"column":79}},"21":{"start":{"line":36,"column":6},"end":{"line":36,"column":13}},"22":{"start":{"line":41,"column":0},"end":{"line":60,"column":3}},"23":{"start":{"line":42,"column":2},"end":{"line":50,"column":5}},"24":{"start":{"line":43,"column":4},"end":{"line":49,"column":7}},"25":{"start":{"line":44,"column":6},"end":{"line":44,"column":43}},"26":{"start":{"line":45,"column":6},"end":{"line":45,"column":47}},"27":{"start":{"line":46,"column":6},"end":{"line":46,"column":57}},"28":{"start":{"line":47,"column":6},"end":{"line":47,"column":81}},"29":{"start":{"line":48,"column":6},"end":{"line":48,"column":13}},"30":{"start":{"line":52,"column":2},"end":{"line":59,"column":5}},"31":{"start":{"line":53,"column":4},"end":{"line":58,"column":7}},"32":{"start":{"line":54,"column":6},"end":{"line":54,"column":44}},"33":{"start":{"line":55,"column":6},"end":{"line":55,"column":47}},"34":{"start":{"line":56,"column":6},"end":{"line":56,"column":89}},"35":{"start":{"line":57,"column":6},"end":{"line":57,"column":13}},"36":{"start":{"line":62,"column":0},"end":{"line":156,"column":3}},"37":{"start":{"line":63,"column":2},"end":{"line":68,"column":5}},"38":{"start":{"line":64,"column":4},"end":{"line":67,"column":7}},"39":{"start":{"line":65,"column":6},"end":{"line":65,"column":41}},"40":{"start":{"line":66,"column":6},"end":{"line":66,"column":13}},"41":{"start":{"line":70,"column":2},"end":{"line":77,"column":5}},"42":{"start":{"line":71,"column":4},"end":{"line":76,"column":7}},"43":{"start":{"line":72,"column":6},"end":{"line":72,"column":43}},"44":{"start":{"line":73,"column":6},"end":{"line":73,"column":47}},"45":{"start":{"line":74,"column":6},"end":{"line":74,"column":76}},"46":{"start":{"line":75,"column":6},"end":{"line":75,"column":13}},"47":{"start":{"line":79,"column":2},"end":{"line":90,"column":5}},"48":{"start":{"line":80,"column":4},"end":{"line":89,"column":7}},"49":{"start":{"line":85,"column":6},"end":{"line":85,"column":43}},"50":{"start":{"line":86,"column":6},"end":{"line":86,"column":47}},"51":{"start":{"line":87,"column":6},"end":{"line":87,"column":87}},"52":{"start":{"line":88,"column":6},"end":{"line":88,"column":13}},"53":{"start":{"line":92,"column":2},"end":{"line":103,"column":5}},"54":{"start":{"line":93,"column":4},"end":{"line":102,"column":7}},"55":{"start":{"line":98,"column":6},"end":{"line":98,"column":44}},"56":{"start":{"line":99,"column":6},"end":{"line":99,"column":47}},"57":{"start":{"line":100,"column":6},"end":{"line":100,"column":112}},"58":{"start":{"line":101,"column":6},"end":{"line":101,"column":13}},"59":{"start":{"line":105,"column":2},"end":{"line":116,"column":5}},"60":{"start":{"line":106,"column":4},"end":{"line":115,"column":7}},"61":{"start":{"line":111,"column":6},"end":{"line":111,"column":44}},"62":{"start":{"line":112,"column":6},"end":{"line":112,"column":47}},"63":{"start":{"line":113,"column":6},"end":{"line":113,"column":112}},"64":{"start":{"line":114,"column":6},"end":{"line":114,"column":13}},"65":{"start":{"line":118,"column":2},"end":{"line":129,"column":5}},"66":{"start":{"line":119,"column":4},"end":{"line":128,"column":7}},"67":{"start":{"line":124,"column":6},"end":{"line":124,"column":44}},"68":{"start":{"line":125,"column":6},"end":{"line":125,"column":47}},"69":{"start":{"line":126,"column":6},"end":{"line":126,"column":99}},"70":{"start":{"line":127,"column":6},"end":{"line":127,"column":13}},"71":{"start":{"line":131,"column":2},"end":{"line":142,"column":5}},"72":{"start":{"line":132,"column":4},"end":{"line":141,"column":7}},"73":{"start":{"line":137,"column":6},"end":{"line":137,"column":44}},"74":{"start":{"line":138,"column":6},"end":{"line":138,"column":47}},"75":{"start":{"line":139,"column":6},"end":{"line":139,"column":142}},"76":{"start":{"line":140,"column":6},"end":{"line":140,"column":13}},"77":{"start":{"line":144,"column":2},"end":{"line":155,"column":5}},"78":{"start":{"line":145,"column":4},"end":{"line":154,"column":7}},"79":{"start":{"line":150,"column":6},"end":{"line":150,"column":44}},"80":{"start":{"line":151,"column":6},"end":{"line":151,"column":47}},"81":{"start":{"line":152,"column":6},"end":{"line":152,"column":174}},"82":{"start":{"line":153,"column":6},"end":{"line":153,"column":13}}},"fnMap":{"0":{"name":"_interopRequireDefault","decl":{"start":{"line":19,"column":9},"end":{"line":19,"column":31}},"loc":{"start":{"line":19,"column":37},"end":{"line":19,"column":95}},"line":19},"1":{"name":"(anonymous_1)","decl":{"start":{"line":29,"column":34},"end":{"line":29,"column":35}},"loc":{"start":{"line":29,"column":46},"end":{"line":39,"column":1}},"line":29},"2":{"name":"(anonymous_2)","decl":{"start":{"line":30,"column":36},"end":{"line":30,"column":37}},"loc":{"start":{"line":30,"column":52},"end":{"line":38,"column":3}},"line":30},"3":{"name":"(anonymous_3)","decl":{"start":{"line":31,"column":69},"end":{"line":31,"column":70}},"loc":{"start":{"line":31,"column":96},"end":{"line":37,"column":5}},"line":31},"4":{"name":"(anonymous_4)","decl":{"start":{"line":41,"column":36},"end":{"line":41,"column":37}},"loc":{"start":{"line":41,"column":48},"end":{"line":60,"column":1}},"line":41},"5":{"name":"(anonymous_5)","decl":{"start":{"line":42,"column":52},"end":{"line":42,"column":53}},"loc":{"start":{"line":42,"column":68},"end":{"line":50,"column":3}},"line":42},"6":{"name":"(anonymous_6)","decl":{"start":{"line":43,"column":73},"end":{"line":43,"column":74}},"loc":{"start":{"line":43,"column":100},"end":{"line":49,"column":5}},"line":43},"7":{"name":"(anonymous_7)","decl":{"start":{"line":52,"column":50},"end":{"line":52,"column":51}},"loc":{"start":{"line":52,"column":66},"end":{"line":59,"column":3}},"line":52},"8":{"name":"(anonymous_8)","decl":{"start":{"line":53,"column":74},"end":{"line":53,"column":75}},"loc":{"start":{"line":53,"column":101},"end":{"line":58,"column":5}},"line":53},"9":{"name":"(anonymous_9)","decl":{"start":{"line":62,"column":35},"end":{"line":62,"column":36}},"loc":{"start":{"line":62,"column":47},"end":{"line":156,"column":1}},"line":62},"10":{"name":"(anonymous_10)","decl":{"start":{"line":63,"column":9},"end":{"line":63,"column":10}},"loc":{"start":{"line":63,"column":25},"end":{"line":68,"column":3}},"line":63},"11":{"name":"(anonymous_11)","decl":{"start":{"line":64,"column":104},"end":{"line":64,"column":105}},"loc":{"start":{"line":64,"column":131},"end":{"line":67,"column":5}},"line":64},"12":{"name":"(anonymous_12)","decl":{"start":{"line":70,"column":66},"end":{"line":70,"column":67}},"loc":{"start":{"line":70,"column":82},"end":{"line":77,"column":3}},"line":70},"13":{"name":"(anonymous_13)","decl":{"start":{"line":71,"column":137},"end":{"line":71,"column":138}},"loc":{"start":{"line":71,"column":164},"end":{"line":76,"column":5}},"line":71},"14":{"name":"(anonymous_14)","decl":{"start":{"line":79,"column":58},"end":{"line":79,"column":59}},"loc":{"start":{"line":79,"column":74},"end":{"line":90,"column":3}},"line":79},"15":{"name":"(anonymous_15)","decl":{"start":{"line":84,"column":11},"end":{"line":84,"column":12}},"loc":{"start":{"line":84,"column":38},"end":{"line":89,"column":5}},"line":84},"16":{"name":"(anonymous_16)","decl":{"start":{"line":92,"column":76},"end":{"line":92,"column":77}},"loc":{"start":{"line":92,"column":92},"end":{"line":103,"column":3}},"line":92},"17":{"name":"(anonymous_17)","decl":{"start":{"line":97,"column":11},"end":{"line":97,"column":12}},"loc":{"start":{"line":97,"column":38},"end":{"line":102,"column":5}},"line":97},"18":{"name":"(anonymous_18)","decl":{"start":{"line":105,"column":68},"end":{"line":105,"column":69}},"loc":{"start":{"line":105,"column":84},"end":{"line":116,"column":3}},"line":105},"19":{"name":"(anonymous_19)","decl":{"start":{"line":110,"column":11},"end":{"line":110,"column":12}},"loc":{"start":{"line":110,"column":38},"end":{"line":115,"column":5}},"line":110},"20":{"name":"(anonymous_20)","decl":{"start":{"line":118,"column":64},"end":{"line":118,"column":65}},"loc":{"start":{"line":118,"column":80},"end":{"line":129,"column":3}},"line":118},"21":{"name":"(anonymous_21)","decl":{"start":{"line":123,"column":11},"end":{"line":123,"column":12}},"loc":{"start":{"line":123,"column":38},"end":{"line":128,"column":5}},"line":123},"22":{"name":"(anonymous_22)","decl":{"start":{"line":131,"column":78},"end":{"line":131,"column":79}},"loc":{"start":{"line":131,"column":94},"end":{"line":142,"column":3}},"line":131},"23":{"name":"(anonymous_23)","decl":{"start":{"line":136,"column":11},"end":{"line":136,"column":12}},"loc":{"start":{"line":136,"column":38},"end":{"line":141,"column":5}},"line":136},"24":{"name":"(anonymous_24)","decl":{"start":{"line":144,"column":57},"end":{"line":144,"column":58}},"loc":{"start":{"line":144,"column":73},"end":{"line":155,"column":3}},"line":144},"25":{"name":"(anonymous_25)","decl":{"start":{"line":149,"column":11},"end":{"line":149,"column":12}},"loc":{"start":{"line":149,"column":38},"end":{"line":154,"column":5}},"line":149}},"branchMap":{"0":{"loc":{"start":{"line":19,"column":46},"end":{"line":19,"column":92}},"type":"cond-expr","locations":[{"start":{"line":19,"column":70},"end":{"line":19,"column":73}},{"start":{"line":19,"column":76},"end":{"line":19,"column":92}}],"line":19},"1":{"loc":{"start":{"line":19,"column":46},"end":{"line":19,"column":67}},"type":"binary-expr","locations":[{"start":{"line":19,"column":46},"end":{"line":19,"column":49}},{"start":{"line":19,"column":53},"end":{"line":19,"column":67}}],"line":19}},"s":{"0":1,"1":1,"2":1,"3":1,"4":1,"5":1,"6":1,"7":1,"8":4,"9":1,"10":1,"11":1,"12":1,"13":1,"14":1,"15":1,"16":1,"17":1,"18":0,"19":0,"20":0,"21":0,"22":1,"23":1,"24":1,"25":1,"26":0,"27":0,"28":0,"29":0,"30":1,"31":1,"32":1,"33":1,"34":1,"35":1,"36":1,"37":1,"38":1,"39":1,"40":1,"41":1,"42":1,"43":0,"44":0,"45":0,"46":0,"47":1,"48":1,"49":1,"50":1,"51":1,"52":1,"53":1,"54":1,"55":1,"56":1,"57":1,"58":1,"59":1,"60":1,"61":1,"62":1,"63":1,"64":1,"65":1,"66":1,"67":1,"68":1,"69":1,"70":1,"71":1,"72":1,"73":1,"74":1,"75":1,"76":1,"77":1,"78":1,"79":1,"80":1,"81":1,"82":1},"f":{"0":4,"1":1,"2":1,"3":1,"4":1,"5":1,"6":1,"7":1,"8":1,"9":1,"10":1,"11":1,"12":1,"13":0,"14":1,"15":1,"16":1,"17":1,"18":1,"19":1,"20":1,"21":1,"22":1,"23":1,"24":1,"25":1},"b":{"0":[2,2],"1":[4,4]},"_coverageSchema":"d34fc3e6b8297bcde183f5492bcb8fcb36775295","hash":"5aa4c3638d4fead83955861d1561d24be4d22044","contentHash":"7886535cb2f3d53016a2cd965d4d8d32_12.0.2"}}